 #calculated the component:  1  2  3
 #tolerance:    2.000000E-03
 #broadening:    1.837465E-03Ha
 #scissors shift:    0.000000E+00Ha
 #energy window:    1.072767E+02eV    3.942345E+00Ha
 # Energy      Tot-Re Chi(-2w,w,w)  Tot-Re Chi(-2w,w,w)
 # eV          *10^-7 esu        *10^-12 m/V SI units 
 # 
       0.010000  -2.961987E+03  -1.240714E+05
       0.020000  -2.958647E+03  -1.239315E+05
       0.030000  -2.771519E+03  -1.160931E+05
       0.040000  -2.276182E+03  -9.534449E+04
       0.050000  -1.333215E+03  -5.584556E+04
       0.060000   1.253636E+02   5.251218E+03
       0.070000   1.965439E+03   8.232812E+04
       0.080000   3.824207E+03   1.601880E+05
       0.090000   5.303797E+03   2.221649E+05
       0.100000   6.191713E+03   2.593579E+05
       0.110000   6.471907E+03   2.710946E+05
       0.120000   6.210030E+03   2.601251E+05
       0.130000   5.495210E+03   2.301828E+05
       0.140000   4.472636E+03   1.873493E+05
       0.150000   3.366752E+03   1.410262E+05
       0.160000   2.401446E+03   1.005915E+05
       0.170000   1.690883E+03   7.082755E+04
       0.180000   1.228411E+03   5.145556E+04
       0.190000   9.506169E+02   3.981935E+04
       0.200000   7.916316E+02   3.315979E+04
       0.210000   7.030257E+02   2.944827E+04
       0.220000   6.540919E+02   2.739854E+04
       0.230000   6.267299E+02   2.625240E+04
       0.240000   6.106753E+02   2.557991E+04
       0.250000   6.002449E+02   2.514300E+04
       0.260000   5.923568E+02   2.481259E+04
       0.270000   5.853843E+02   2.452052E+04
       0.280000   5.785066E+02   2.423243E+04
       0.290000   5.713441E+02   2.393241E+04
       0.300000   5.637548E+02   2.361451E+04
       0.310000   5.557198E+02   2.327794E+04
       0.320000   5.472806E+02   2.292444E+04
       0.330000   5.385040E+02   2.255680E+04
       0.340000   5.294637E+02   2.217813E+04
       0.350000   5.202311E+02   2.179139E+04
       0.360000   5.108699E+02   2.139927E+04
       0.370000   5.014351E+02   2.100407E+04
       0.380000   4.919727E+02   2.060770E+04
       0.390000   4.825194E+02   2.021173E+04
       0.400000   4.731045E+02   1.981735E+04
       0.410000   4.637497E+02   1.942550E+04
       0.420000   4.544710E+02   1.903683E+04
       0.430000   4.452784E+02   1.865178E+04
       0.440000   4.361777E+02   1.827057E+04
       0.450000   4.271704E+02   1.789327E+04
       0.460000   4.182541E+02   1.751979E+04
       0.470000   4.094237E+02   1.714990E+04
       0.480000   4.006709E+02   1.678326E+04
       0.490000   3.919856E+02   1.641945E+04
       0.500000   3.833556E+02   1.605796E+04
       0.510000   3.747685E+02   1.569827E+04
       0.520000   3.662127E+02   1.533988E+04
       0.530000   3.576809E+02   1.498250E+04
       0.540000   3.491753E+02   1.462622E+04
       0.550000   3.407175E+02   1.427194E+04
       0.560000   3.323657E+02   1.392210E+04
       0.570000   3.242453E+02   1.358196E+04
       0.580000   3.166000E+02   1.326171E+04
       0.590000   3.098705E+02   1.297982E+04
       0.600000   3.047925E+02   1.276712E+04
       0.610000   3.024448E+02   1.266878E+04
       0.620000   3.040474E+02   1.273591E+04
       0.630000   3.102191E+02   1.299443E+04
       0.640000   3.198544E+02   1.339803E+04
       0.650000   3.299109E+02   1.381928E+04
       0.660000   3.371282E+02   1.412159E+04
       0.670000   3.399995E+02   1.424186E+04
       0.680000   3.389035E+02   1.419596E+04
       0.690000   3.350221E+02   1.403337E+04
       0.700000   3.294858E+02   1.380147E+04
       0.710000   3.230913E+02   1.353362E+04
       0.720000   3.163229E+02   1.325010E+04
       0.730000   3.094496E+02   1.296220E+04
       0.740000   3.026084E+02   1.267563E+04
       0.750000   2.958605E+02   1.239297E+04
       0.760000   2.892245E+02   1.211501E+04
       0.770000   2.826962E+02   1.184155E+04
       0.780000   2.762591E+02   1.157191E+04
       0.790000   2.698911E+02   1.130517E+04
       0.800000   2.635689E+02   1.104035E+04
       0.810000   2.572718E+02   1.077657E+04
       0.820000   2.509863E+02   1.051329E+04
       0.830000   2.447143E+02   1.025057E+04
       0.840000   2.384861E+02   9.989680E+03
       0.850000   2.323831E+02   9.734042E+03
       0.860000   2.265758E+02   9.490784E+03
       0.870000   2.213777E+02   9.273046E+03
       0.880000   2.173049E+02   9.102445E+03
       0.890000   2.150816E+02   9.009319E+03
       0.900000   2.154691E+02   9.025547E+03
       0.910000   2.188323E+02   9.166426E+03
       0.920000   2.246992E+02   9.412178E+03
       0.930000   2.318895E+02   9.713367E+03
       0.940000   2.393424E+02   1.002555E+04
       0.950000   2.468208E+02   1.033881E+04
       0.960000   2.545545E+02   1.066275E+04
       0.970000   2.621606E+02   1.098136E+04
       0.980000   2.683275E+02   1.123968E+04
       0.990000   2.717755E+02   1.138411E+04
       1.000000   2.721918E+02   1.140155E+04
       1.010000   2.701442E+02   1.131578E+04
       1.020000   2.664811E+02   1.116233E+04
       1.030000   2.619220E+02   1.097136E+04
       1.040000   2.569513E+02   1.076315E+04
       1.050000   2.518594E+02   1.054986E+04
       1.060000   2.468126E+02   1.033846E+04
       1.069999   2.419133E+02   1.013324E+04
       1.079999   2.372454E+02   9.937713E+03
       1.089999   2.329142E+02   9.756285E+03
       1.099999   2.290848E+02   9.595884E+03
       1.109999   2.260187E+02   9.467450E+03
       1.119999   2.240734E+02   9.385963E+03
       1.129999   2.235907E+02   9.365747E+03
       1.139999   2.246044E+02   9.408205E+03
       1.149999   2.265372E+02   9.489166E+03
       1.159999   2.283620E+02   9.565606E+03
       1.169999   2.292746E+02   9.603830E+03
       1.179999   2.291452E+02   9.598413E+03
       1.189999   2.283803E+02   9.566370E+03
       1.199999   2.275738E+02   9.532588E+03
       1.209999   2.272383E+02   9.518537E+03
       1.219999   2.275459E+02   9.531421E+03
       1.229999   2.280347E+02   9.551895E+03
       1.239999   2.275457E+02   9.531410E+03
       1.249999   2.246310E+02   9.409321E+03
       1.259999   2.181570E+02   9.138137E+03
       1.269999   2.078363E+02   8.705826E+03
       1.279999   1.947659E+02   8.158337E+03
       1.289999   1.814120E+02   7.598968E+03
       1.299999   1.703196E+02   7.134329E+03
       1.309999   1.626857E+02   6.814563E+03
       1.319999   1.583858E+02   6.634448E+03
       1.329999   1.568513E+02   6.570172E+03
       1.339999   1.575427E+02   6.599135E+03
       1.349999   1.599163E+02   6.698557E+03
       1.359999   1.633417E+02   6.842042E+03
       1.369999   1.670971E+02   6.999349E+03
       1.379999   1.704001E+02   7.137701E+03
       1.389999   1.726345E+02   7.231297E+03
       1.399999   1.736507E+02   7.273863E+03
       1.409999   1.737480E+02   7.277940E+03
       1.419999   1.733628E+02   7.261805E+03
       1.429999   1.727922E+02   7.237902E+03
       1.439999   1.721736E+02   7.211990E+03
       1.449999   1.716706E+02   7.190923E+03
       1.459999   1.715838E+02   7.187287E+03
       1.469999   1.722053E+02   7.213320E+03
       1.479999   1.735352E+02   7.269027E+03
       1.489999   1.751610E+02   7.337125E+03
       1.499999   1.765153E+02   7.393855E+03
       1.509999   1.772794E+02   7.425862E+03
       1.519999   1.774702E+02   7.433855E+03
       1.529999   1.772054E+02   7.422763E+03
       1.539999   1.765384E+02   7.394825E+03
       1.549999   1.755247E+02   7.352360E+03
       1.559999   1.743214E+02   7.301957E+03
       1.569999   1.731918E+02   7.254639E+03
       1.579999   1.724713E+02   7.224459E+03
       1.589999   1.725075E+02   7.225979E+03
       1.599999   1.735082E+02   7.267897E+03
       1.609999   1.753265E+02   7.344058E+03
       1.619999   1.773962E+02   7.430753E+03
       1.629999   1.790213E+02   7.498829E+03
       1.639999   1.798146E+02   7.532054E+03
       1.649999   1.798350E+02   7.532909E+03
       1.659999   1.793996E+02   7.514671E+03
       1.669999   1.788722E+02   7.492580E+03
       1.679999   1.785758E+02   7.480165E+03
       1.689999   1.787732E+02   7.488434E+03
       1.699999   1.796362E+02   7.524583E+03
       1.709999   1.811946E+02   7.589863E+03
       1.719999   1.833033E+02   7.678189E+03
       1.729999   1.857125E+02   7.779105E+03
       1.739999   1.882763E+02   7.886501E+03
       1.749999   1.910749E+02   8.003729E+03
       1.759999   1.942288E+02   8.135836E+03
       1.769999   1.975440E+02   8.274704E+03
       1.779999   2.003627E+02   8.392775E+03
       1.789999   2.017788E+02   8.452089E+03
       1.799999   2.008748E+02   8.414223E+03
       1.809999   1.967154E+02   8.239996E+03
       1.819999   1.883725E+02   7.890528E+03
       1.829999   1.752467E+02   7.340716E+03
       1.839999   1.575984E+02   6.601465E+03
       1.849999   1.371982E+02   5.746946E+03
       1.859999   1.174855E+02   4.921220E+03
       1.869999   1.020615E+02   4.275143E+03
       1.879999   9.247050E+01   3.873395E+03
       1.889999   8.771434E+01   3.674169E+03
       1.899999   8.557800E+01   3.584683E+03
       1.909999   8.408830E+01   3.522282E+03
       1.919999   8.227904E+01   3.446496E+03
       1.929999   8.041851E+01   3.368563E+03
       1.939999   7.970544E+01   3.338694E+03
       1.949999   8.132006E+01   3.406327E+03
       1.959999   8.551177E+01   3.581909E+03
       1.969999   9.151400E+01   3.833330E+03
       1.979999   9.803863E+01   4.106633E+03
       1.989999   1.039239E+02   4.353156E+03
       1.999999   1.087079E+02   4.553545E+03
       2.009999   1.126998E+02   4.720759E+03
       2.019999   1.165584E+02   4.882388E+03
       2.029999   1.208339E+02   5.061477E+03
       2.039999   1.257227E+02   5.266260E+03
       2.049999   1.309487E+02   5.485166E+03
       2.059999   1.358085E+02   5.688733E+03
       2.069999   1.395852E+02   5.846933E+03
       2.079999   1.420046E+02   5.948277E+03
       2.089999   1.432686E+02   6.001222E+03
       2.099999   1.438014E+02   6.023538E+03
       2.109999   1.440310E+02   6.033155E+03
       2.119999   1.442800E+02   6.043585E+03
       2.129999   1.447096E+02   6.061583E+03
       2.139999   1.453116E+02   6.086800E+03
       2.149999   1.459970E+02   6.115506E+03
       2.159999   1.467293E+02   6.146181E+03
       2.169999   1.475612E+02   6.181030E+03
       2.179999   1.485633E+02   6.223006E+03
       2.189999   1.497452E+02   6.272514E+03
       2.199999   1.510261E+02   6.326166E+03
       2.209999   1.522299E+02   6.376590E+03
       2.219999   1.530547E+02   6.411140E+03
       2.229999   1.529907E+02   6.408461E+03
       2.239999   1.511565E+02   6.331629E+03
       2.249999   1.460471E+02   6.117608E+03
       2.259999   1.353658E+02   5.670191E+03
       2.269999   1.164104E+02   4.876187E+03
       2.279999   8.766163E+01   3.671962E+03
       2.289999   5.162307E+01   2.162382E+03
       2.299999   1.669554E+01   6.993411E+02
       2.309999  -5.619599E+00  -2.353932E+02
       2.319999  -7.208402E+00  -3.019448E+02
       2.329999   1.214902E+01   5.088971E+02
       2.339999   4.478861E+01   1.876101E+03
       2.349999   7.947785E+01   3.329160E+03
       2.359999   1.076880E+02   4.510826E+03
       2.369999   1.265096E+02   5.299223E+03
       2.379999   1.369913E+02   5.738278E+03
       2.389999   1.415016E+02   5.927206E+03
       2.399999   1.423271E+02   5.961784E+03
       2.409999   1.412483E+02   5.916596E+03
       2.419999   1.394200E+02   5.840012E+03
       2.429999   1.373788E+02   5.754509E+03
       2.439999   1.351435E+02   5.660879E+03
       2.449999   1.323838E+02   5.545279E+03
       2.459999   1.288193E+02   5.395970E+03
       2.469999   1.247217E+02   5.224331E+03
       2.479999   1.208788E+02   5.063360E+03
       2.489999   1.179629E+02   4.941217E+03
       2.499999   1.161405E+02   4.864882E+03
       2.509999   1.152243E+02   4.826503E+03
       2.519999   1.149373E+02   4.814483E+03
       2.529999   1.150269E+02   4.818236E+03
       2.539999   1.152645E+02   4.828189E+03
       2.549999   1.154030E+02   4.833989E+03
       2.559999   1.151267E+02   4.822417E+03
       2.569999   1.140556E+02   4.777551E+03
       2.579999   1.118954E+02   4.687063E+03
       2.589999   1.087493E+02   4.555282E+03
       2.599999   1.053131E+02   4.411346E+03
       2.609999   1.025559E+02   4.295850E+03
       2.619999   1.011083E+02   4.235214E+03
       2.629999   1.010043E+02   4.230859E+03
       2.639999   1.017892E+02   4.263735E+03
       2.649999   1.025552E+02   4.295822E+03
       2.659999   1.018820E+02   4.267621E+03
       2.669999   9.808083E+01   4.108400E+03
       2.679999   8.980753E+01   3.761849E+03
       2.689999   7.660776E+01   3.208939E+03
       2.699999   5.918076E+01   2.478958E+03
       2.709999   3.982057E+01   1.668000E+03
       2.719999   2.305513E+01   9.657309E+02
       2.729999   1.459872E+01   6.115100E+02
       2.739999   1.785260E+01   7.478078E+02
       2.749999   3.100258E+01   1.298633E+03
       2.759999   4.805348E+01   2.012860E+03
       2.769999   6.306886E+01   2.641822E+03
       2.779999   7.322533E+01   3.067255E+03
       2.789999   7.860553E+01   3.292621E+03
       2.799999   8.070124E+01   3.380406E+03
       2.809999   8.135318E+01   3.407714E+03
       2.819999   8.208593E+01   3.438407E+03
       2.829999   8.372081E+01   3.506889E+03
       2.839999   8.651595E+01   3.623972E+03
       2.849999   9.040242E+01   3.786768E+03
       2.859999   9.492761E+01   3.976318E+03
       2.869999   9.934841E+01   4.161497E+03
       2.879999   1.030213E+02   4.315345E+03
       2.889999   1.056035E+02   4.423509E+03
       2.899999   1.069638E+02   4.480488E+03
       2.909999   1.070806E+02   4.485380E+03
       2.919999   1.060102E+02   4.440546E+03
       2.929999   1.038359E+02   4.349468E+03
       2.939999   1.005539E+02   4.211994E+03
       2.949999   9.599676E+01   4.021103E+03
       2.959999   8.996076E+01   3.768268E+03
       2.969999   8.258722E+01   3.459406E+03
       2.979999   7.468509E+01   3.128402E+03
       2.989999   6.750615E+01   2.827691E+03
       2.999999   6.212536E+01   2.602301E+03
       3.009999   5.910894E+01   2.475950E+03
       3.019999   5.860074E+01   2.454662E+03
       3.029999   6.047546E+01   2.533190E+03
       3.039999   6.429261E+01   2.693082E+03
       3.049999   6.909835E+01   2.894385E+03
       3.059999   7.351096E+01   3.079220E+03
       3.069999   7.640364E+01   3.200388E+03
       3.079999   7.755998E+01   3.248825E+03
       3.089999   7.747062E+01   3.245082E+03
       3.099999   7.667675E+01   3.211828E+03
       3.109999   7.549190E+01   3.162197E+03
       3.119999   7.412640E+01   3.104999E+03
       3.129999   7.280305E+01   3.049567E+03
       3.139999   7.168486E+01   3.002729E+03
       3.149999   7.078441E+01   2.965010E+03
       3.159999   7.001909E+01   2.932953E+03
       3.169999   6.929382E+01   2.902573E+03
       3.179999   6.845652E+01   2.867500E+03
       3.189998   6.729616E+01   2.818895E+03
       3.199998   6.579081E+01   2.755839E+03
       3.209998   6.433699E+01   2.694941E+03
       3.219998   6.353350E+01   2.661285E+03
       3.229998   6.365824E+01   2.666510E+03
       3.239998   6.445569E+01   2.699914E+03
       3.249998   6.545165E+01   2.741632E+03
       3.259998   6.631140E+01   2.777646E+03
       3.269998   6.689362E+01   2.802033E+03
       3.279998   6.718236E+01   2.814128E+03
       3.289998   6.726213E+01   2.817470E+03
       3.299998   6.728219E+01   2.818310E+03
       3.309998   6.740247E+01   2.823348E+03
       3.319998   6.775473E+01   2.838103E+03
       3.329998   6.838888E+01   2.864667E+03
       3.339998   6.922562E+01   2.899716E+03
       3.349998   7.008902E+01   2.935882E+03
       3.359998   7.080676E+01   2.965947E+03
       3.369998   7.128765E+01   2.986090E+03
       3.379998   7.153160E+01   2.996309E+03
       3.389998   7.159225E+01   2.998849E+03
       3.399998   7.153469E+01   2.996438E+03
       3.409998   7.141356E+01   2.991364E+03
       3.419998   7.127540E+01   2.985577E+03
       3.429998   7.118734E+01   2.981888E+03
       3.439998   7.124453E+01   2.984284E+03
       3.449998   7.150381E+01   2.995144E+03
       3.459998   7.193630E+01   3.013261E+03
       3.469998   7.249792E+01   3.036786E+03
       3.479998   7.320105E+01   3.066238E+03
       3.489998   7.407324E+01   3.102773E+03
       3.499998   7.509665E+01   3.145641E+03
       3.509998   7.624743E+01   3.193845E+03
       3.519998   7.755432E+01   3.248588E+03
       3.529998   7.902308E+01   3.310111E+03
       3.539998   8.048662E+01   3.371416E+03
       3.549998   8.160478E+01   3.418253E+03
       3.559998   8.206549E+01   3.437551E+03
       3.569998   8.172629E+01   3.423343E+03
       3.579998   8.056294E+01   3.374612E+03
       3.589998   7.860491E+01   3.292595E+03
       3.599998   7.595517E+01   3.181603E+03
       3.609998   7.282142E+01   3.050336E+03
       3.619998   6.948857E+01   2.910731E+03
       3.629998   6.621560E+01   2.773633E+03
       3.639998   6.312452E+01   2.644154E+03
       3.649998   6.019811E+01   2.521573E+03
       3.659998   5.741585E+01   2.405029E+03
       3.669998   5.489580E+01   2.299470E+03
       3.679998   5.285319E+01   2.213909E+03
       3.689998   5.142385E+01   2.154037E+03
       3.699998   5.060445E+01   2.119714E+03
       3.709998   5.034274E+01   2.108752E+03
       3.719998   5.062625E+01   2.120627E+03
       3.729998   5.151241E+01   2.157747E+03
       3.739998   5.311902E+01   2.225044E+03
       3.749998   5.555000E+01   2.326873E+03
       3.759998   5.872162E+01   2.459726E+03
       3.769998   6.220607E+01   2.605682E+03
       3.779998   6.534328E+01   2.737093E+03
       3.789998   6.758644E+01   2.831054E+03
       3.799998   6.870037E+01   2.877715E+03
       3.809998   6.872244E+01   2.878639E+03
       3.819998   6.789123E+01   2.843821E+03
       3.829998   6.653974E+01   2.787210E+03
       3.839998   6.492184E+01   2.719440E+03
       3.849998   6.317212E+01   2.646147E+03
       3.859998   6.145723E+01   2.574314E+03
       3.869998   6.005448E+01   2.515556E+03
       3.879998   5.918381E+01   2.479085E+03
       3.889998   5.881718E+01   2.463728E+03
       3.899998   5.871489E+01   2.459443E+03
       3.909998   5.860675E+01   2.454914E+03
       3.919998   5.833829E+01   2.443669E+03
       3.929998   5.792710E+01   2.426445E+03
       3.939998   5.753051E+01   2.409832E+03
       3.949998   5.734560E+01   2.402087E+03
       3.959998   5.749938E+01   2.408528E+03
       3.969998   5.794619E+01   2.427244E+03
       3.979998   5.842204E+01   2.447177E+03
       3.989998   5.854326E+01   2.452254E+03
       3.999998   5.799171E+01   2.429151E+03
       4.009998   5.669286E+01   2.374745E+03
       4.019998   5.493484E+01   2.301105E+03
       4.029998   5.328565E+01   2.232024E+03
       4.039998   5.221588E+01   2.187214E+03
       4.049998   5.169691E+01   2.165475E+03
       4.059998   5.119119E+01   2.144291E+03
       4.069998   5.001669E+01   2.095094E+03
       4.079998   4.776532E+01   2.000789E+03
       4.089998   4.457590E+01   1.867191E+03
       4.099998   4.112450E+01   1.722619E+03
       4.109998   3.825273E+01   1.602327E+03
       4.119998   3.645775E+01   1.527139E+03
       4.129998   3.571711E+01   1.496115E+03
       4.139998   3.575454E+01   1.497683E+03
       4.149998   3.635930E+01   1.523015E+03
       4.159998   3.747664E+01   1.569818E+03
       4.169998   3.913828E+01   1.639420E+03
       4.179998   4.136847E+01   1.732838E+03
       4.189998   4.410596E+01   1.847506E+03
       4.199998   4.716077E+01   1.975466E+03
       4.209998   5.023894E+01   2.104404E+03
       4.219998   5.304592E+01   2.221982E+03
       4.229998   5.542228E+01   2.321523E+03
       4.239998   5.741222E+01   2.404877E+03
       4.249998   5.917782E+01   2.478835E+03
       4.259998   6.079769E+01   2.546688E+03
       4.269998   6.215381E+01   2.603492E+03
       4.279998   6.304110E+01   2.640659E+03
       4.289998   6.334886E+01   2.653551E+03
       4.299998   6.312263E+01   2.644075E+03
       4.309998   6.252355E+01   2.618980E+03
       4.319998   6.176936E+01   2.587389E+03
       4.329998   6.106326E+01   2.557812E+03
       4.339998   6.050865E+01   2.534581E+03
       4.349998   6.006902E+01   2.516165E+03
       4.359998   5.960245E+01   2.496622E+03
       4.369998   5.893065E+01   2.468481E+03
       4.379998   5.789633E+01   2.425156E+03
       4.389998   5.638990E+01   2.362054E+03
       4.399998   5.437463E+01   2.277639E+03
       4.409998   5.196311E+01   2.176626E+03
       4.419998   4.948984E+01   2.073026E+03
       4.429998   4.743303E+01   1.986870E+03
       4.439998   4.618236E+01   1.934482E+03
       4.449998   4.584414E+01   1.920315E+03
       4.459998   4.619878E+01   1.935170E+03
       4.469998   4.681543E+01   1.961000E+03
       4.479998   4.728654E+01   1.980734E+03
       4.489998   4.737488E+01   1.984434E+03
       4.499998   4.695825E+01   1.966983E+03
       4.509998   4.595681E+01   1.925035E+03
       4.519998   4.441225E+01   1.860336E+03
       4.529998   4.262485E+01   1.785465E+03
       4.539998   4.107723E+01   1.720639E+03
       4.549998   4.012995E+01   1.680959E+03
       4.559998   3.982458E+01   1.668168E+03
       4.569998   3.996059E+01   1.673865E+03
       4.579998   4.029605E+01   1.687917E+03
       4.589998   4.063815E+01   1.702247E+03
       4.599998   4.076673E+01   1.707633E+03
       4.609998   4.042341E+01   1.693252E+03
       4.619998   3.946877E+01   1.653264E+03
       4.629998   3.801200E+01   1.592243E+03
       4.639998   3.637677E+01   1.523747E+03
       4.649998   3.489366E+01   1.461622E+03
       4.659998   3.362971E+01   1.408678E+03
       4.669998   3.240701E+01   1.357462E+03
       4.679998   3.127146E+01   1.309896E+03
       4.689998   3.081816E+01   1.290908E+03
       4.699998   3.176438E+01   1.330543E+03
       4.709998   3.422039E+01   1.433420E+03
       4.719998   3.750751E+01   1.571111E+03
       4.729998   4.068165E+01   1.704069E+03
       4.739998   4.317852E+01   1.808658E+03
       4.749998   4.494958E+01   1.882844E+03
       4.759998   4.618214E+01   1.934473E+03
       4.769998   4.706810E+01   1.971584E+03
       4.779998   4.775688E+01   2.000435E+03
       4.789998   4.835064E+01   2.025307E+03
       4.799998   4.888534E+01   2.047704E+03
       4.809998   4.937297E+01   2.068130E+03
       4.819998   4.987299E+01   2.089075E+03
       4.829998   5.045539E+01   2.113470E+03
       4.839998   5.109277E+01   2.140169E+03
       4.849998   5.165096E+01   2.163550E+03
       4.859998   5.199859E+01   2.178112E+03
       4.869998   5.209084E+01   2.181976E+03
       4.879998   5.195425E+01   2.176255E+03
       4.889998   5.163670E+01   2.162953E+03
       4.899998   5.118951E+01   2.144221E+03
       4.909998   5.066812E+01   2.122381E+03
       4.919998   5.012530E+01   2.099644E+03
       4.929998   4.961264E+01   2.078169E+03
       4.939998   4.918832E+01   2.060396E+03
       4.949998   4.890638E+01   2.048586E+03
       4.959998   4.878585E+01   2.043537E+03
       4.969998   4.878501E+01   2.043502E+03
       4.979998   4.881414E+01   2.044722E+03
       4.989998   4.879248E+01   2.043814E+03
       4.999998   4.869721E+01   2.039824E+03
       5.009998   4.856181E+01   2.034153E+03
       5.019998   4.843688E+01   2.028919E+03
       5.029998   4.834556E+01   2.025094E+03
       5.039998   4.826498E+01   2.021719E+03
       5.049998   4.814855E+01   2.016842E+03
       5.059998   4.796625E+01   2.009206E+03
       5.069998   4.772088E+01   1.998927E+03
       5.079998   4.743522E+01   1.986962E+03
       5.089998   4.713436E+01   1.974360E+03
       5.099998   4.683806E+01   1.961948E+03
       5.109998   4.656582E+01   1.950544E+03
       5.119998   4.633969E+01   1.941072E+03
       5.129998   4.617513E+01   1.934179E+03
       5.139998   4.607164E+01   1.929844E+03
       5.149998   4.601191E+01   1.927342E+03
       5.159998   4.596793E+01   1.925500E+03
       5.169998   4.591094E+01   1.923113E+03
       5.179998   4.582048E+01   1.919324E+03
       5.189998   4.568631E+01   1.913704E+03
       5.199998   4.550532E+01   1.906122E+03
       5.209998   4.527753E+01   1.896581E+03
       5.219998   4.500205E+01   1.885042E+03
       5.229998   4.467163E+01   1.871201E+03
       5.239998   4.426824E+01   1.854304E+03
       5.249998   4.377587E+01   1.833679E+03
       5.259998   4.321006E+01   1.809979E+03
       5.269998   4.262741E+01   1.785573E+03
       5.279998   4.210834E+01   1.763830E+03
       5.289998   4.174065E+01   1.748428E+03
       5.299998   4.158662E+01   1.741976E+03
       5.309997   4.163614E+01   1.744050E+03
       5.319997   4.181552E+01   1.751565E+03
       5.329997   4.205496E+01   1.761594E+03
       5.339997   4.233064E+01   1.773142E+03
       5.349997   4.264805E+01   1.786437E+03
       5.359997   4.300473E+01   1.801378E+03
       5.369997   4.336792E+01   1.816591E+03
       5.379997   4.368041E+01   1.829681E+03
       5.389997   4.389129E+01   1.838514E+03
       5.399997   4.398660E+01   1.842506E+03
       5.409997   4.399570E+01   1.842887E+03
       5.419997   4.396601E+01   1.841644E+03
       5.429997   4.392004E+01   1.839718E+03
       5.439997   4.383216E+01   1.836037E+03
       5.449997   4.364908E+01   1.828368E+03
       5.459997   4.332500E+01   1.814793E+03
       5.469997   4.284041E+01   1.794495E+03
       5.479997   4.220683E+01   1.767956E+03
       5.489997   4.145391E+01   1.736417E+03
       5.499997   4.060344E+01   1.700793E+03
       5.509997   3.965609E+01   1.661110E+03
       5.519997   3.858678E+01   1.616319E+03
       5.529997   3.736514E+01   1.565147E+03
       5.539997   3.604683E+01   1.509926E+03
       5.549997   3.488591E+01   1.461298E+03
       5.559997   3.429590E+01   1.436583E+03
       5.569997   3.458952E+01   1.448882E+03
       5.579997   3.572472E+01   1.496434E+03
       5.589997   3.731665E+01   1.563116E+03
       5.599997   3.888720E+01   1.628903E+03
       5.609997   4.010987E+01   1.680118E+03
       5.619997   4.089158E+01   1.712863E+03
       5.629997   4.130377E+01   1.730128E+03
       5.639997   4.146187E+01   1.736751E+03
       5.649997   4.145881E+01   1.736623E+03
       5.659997   4.136717E+01   1.732784E+03
       5.669997   4.125450E+01   1.728065E+03
       5.679997   4.117719E+01   1.724826E+03
       5.689997   4.116547E+01   1.724335E+03
       5.699997   4.122047E+01   1.726639E+03
       5.709997   4.131747E+01   1.730702E+03
       5.719997   4.141200E+01   1.734662E+03
       5.729997   4.146464E+01   1.736867E+03
       5.739997   4.146898E+01   1.737048E+03
       5.749997   4.144758E+01   1.736152E+03
       5.759997   4.142350E+01   1.735144E+03
       5.769997   4.140077E+01   1.734191E+03
       5.779997   4.136859E+01   1.732843E+03
       5.789997   4.131849E+01   1.730745E+03
       5.799997   4.125557E+01   1.728109E+03
       5.809997   4.119522E+01   1.725581E+03
       5.819997   4.114960E+01   1.723670E+03
       5.829997   4.111589E+01   1.722258E+03
       5.839997   4.107639E+01   1.720604E+03
       5.849997   4.100982E+01   1.717815E+03
       5.859997   4.090229E+01   1.713311E+03
       5.869997   4.075023E+01   1.706942E+03
       5.879997   4.056057E+01   1.698997E+03
       5.889997   4.035236E+01   1.690276E+03
       5.899997   4.015207E+01   1.681886E+03
       5.909997   3.998052E+01   1.674700E+03
       5.919997   3.984341E+01   1.668957E+03
       5.929997   3.973168E+01   1.664277E+03
       5.939997   3.962863E+01   1.659960E+03
       5.949997   3.952055E+01   1.655433E+03
       5.959997   3.940245E+01   1.650486E+03
       5.969997   3.927203E+01   1.645023E+03
       5.979997   3.912140E+01   1.638713E+03
       5.989997   3.893970E+01   1.631102E+03
       5.999997   3.872459E+01   1.622092E+03
       6.009997   3.848863E+01   1.612208E+03
       6.019997   3.825300E+01   1.602338E+03
       6.029997   3.803568E+01   1.593235E+03
       6.039997   3.784531E+01   1.585261E+03
       6.049997   3.768550E+01   1.578567E+03
       6.059997   3.756417E+01   1.573484E+03
       6.069997   3.749684E+01   1.570664E+03
       6.079997   3.749766E+01   1.570698E+03
       6.089997   3.756845E+01   1.573664E+03
       6.099997   3.769726E+01   1.579059E+03
       6.109997   3.786151E+01   1.585939E+03
       6.119997   3.803540E+01   1.593223E+03
       6.129997   3.820050E+01   1.600139E+03
       6.139997   3.834553E+01   1.606214E+03
       6.149997   3.846042E+01   1.611026E+03
       6.159997   3.853990E+01   1.614356E+03
       6.169997   3.858740E+01   1.616345E+03
       6.179997   3.860876E+01   1.617240E+03
       6.189997   3.860230E+01   1.616969E+03
       6.199997   3.855867E+01   1.615142E+03
       6.209997   3.847311E+01   1.611558E+03
       6.219997   3.835421E+01   1.606577E+03
       6.229997   3.821706E+01   1.600832E+03
       6.239997   3.806861E+01   1.594614E+03
       6.249997   3.790443E+01   1.587737E+03
       6.259997   3.772039E+01   1.580028E+03
       6.269997   3.752255E+01   1.571741E+03
       6.279997   3.732552E+01   1.563488E+03
       6.289997   3.714716E+01   1.556017E+03
       6.299997   3.700731E+01   1.550159E+03
       6.309997   3.692249E+01   1.546606E+03
       6.319997   3.689136E+01   1.545302E+03
       6.329997   3.688805E+01   1.545163E+03
       6.339997   3.687847E+01   1.544762E+03
       6.349997   3.684198E+01   1.543233E+03
       6.359997   3.677364E+01   1.540371E+03
       6.369997   3.667292E+01   1.536152E+03
       6.379997   3.653999E+01   1.530584E+03
       6.389997   3.638486E+01   1.524085E+03
       6.399997   3.623562E+01   1.517834E+03
       6.409997   3.613041E+01   1.513427E+03
       6.419997   3.609519E+01   1.511952E+03
       6.429997   3.612708E+01   1.513287E+03
       6.439997   3.619490E+01   1.516128E+03
       6.449997   3.625534E+01   1.518660E+03
       6.459997   3.627493E+01   1.519481E+03
       6.469997   3.624334E+01   1.518158E+03
       6.479997   3.617201E+01   1.515170E+03
       6.489997   3.608222E+01   1.511409E+03
       6.499997   3.599191E+01   1.507626E+03
       6.509997   3.590920E+01   1.504161E+03
       6.519997   3.583206E+01   1.500930E+03
       6.529997   3.574899E+01   1.497450E+03
       6.539997   3.564111E+01   1.492931E+03
       6.549997   3.549140E+01   1.486660E+03
       6.559997   3.529990E+01   1.478639E+03
       6.569997   3.508990E+01   1.469842E+03
       6.579997   3.489390E+01   1.461632E+03
       6.589997   3.473035E+01   1.454782E+03
       6.599997   3.459146E+01   1.448964E+03
       6.609997   3.445257E+01   1.443146E+03
       6.619997   3.429427E+01   1.436515E+03
       6.629997   3.411659E+01   1.429072E+03
       6.639997   3.394211E+01   1.421764E+03
       6.649997   3.381978E+01   1.416640E+03
       6.659997   3.382648E+01   1.416920E+03
       6.669997   3.405012E+01   1.426288E+03
       6.679997   3.455345E+01   1.447371E+03
       6.689997   3.533568E+01   1.480138E+03
       6.699997   3.631198E+01   1.521033E+03
       6.709997   3.732397E+01   1.563423E+03
       6.719997   3.818786E+01   1.599609E+03
       6.729997   3.876872E+01   1.623940E+03
       6.739997   3.902437E+01   1.634649E+03
       6.749997   3.898871E+01   1.633155E+03
       6.759997   3.873864E+01   1.622680E+03
       6.769997   3.836777E+01   1.607145E+03
       6.779997   3.794817E+01   1.589569E+03
       6.789997   3.750371E+01   1.570952E+03
       6.799997   3.703227E+01   1.551204E+03
       6.809997   3.654053E+01   1.530606E+03
       6.819997   3.605055E+01   1.510082E+03
       6.829997   3.559342E+01   1.490934E+03
       6.839997   3.519793E+01   1.474367E+03
       6.849997   3.487112E+01   1.460678E+03
       6.859997   3.459557E+01   1.449136E+03
       6.869997   3.435344E+01   1.438994E+03
       6.879997   3.415155E+01   1.430537E+03
       6.889997   3.401959E+01   1.425009E+03
       6.899997   3.398334E+01   1.423491E+03
       6.909997   3.403841E+01   1.425798E+03
       6.919997   3.414165E+01   1.430122E+03
       6.929997   3.422899E+01   1.433781E+03
       6.939997   3.424905E+01   1.434621E+03
       6.949997   3.418338E+01   1.431870E+03
       6.959997   3.404713E+01   1.426163E+03
       6.969997   3.387498E+01   1.418952E+03
       6.979997   3.369579E+01   1.411446E+03
       6.989997   3.351747E+01   1.403976E+03
       6.999997   3.333678E+01   1.396408E+03
       7.009997   3.315881E+01   1.388953E+03
       7.019997   3.300006E+01   1.382303E+03
       7.029997   3.287541E+01   1.377082E+03
       7.039997   3.279123E+01   1.373556E+03
       7.049997   3.274769E+01   1.371732E+03
       7.059997   3.273875E+01   1.371357E+03
       7.069997   3.274832E+01   1.371758E+03
       7.079997   3.274980E+01   1.371821E+03
       7.089997   3.271737E+01   1.370462E+03
       7.099997   3.264248E+01   1.367325E+03
       7.109997   3.253666E+01   1.362892E+03
       7.119997   3.241977E+01   1.357996E+03
       7.129997   3.230840E+01   1.353331E+03
       7.139997   3.221129E+01   1.349263E+03
       7.149997   3.213153E+01   1.345922E+03
       7.159997   3.206941E+01   1.343320E+03
       7.169997   3.202147E+01   1.341312E+03
       7.179997   3.198057E+01   1.339599E+03
       7.189997   3.194078E+01   1.337932E+03
       7.199997   3.190221E+01   1.336317E+03
       7.209997   3.187033E+01   1.334981E+03
       7.219997   3.184982E+01   1.334122E+03
       7.229997   3.183952E+01   1.333691E+03
       7.239997   3.183419E+01   1.333467E+03
       7.249997   3.182970E+01   1.333279E+03
       7.259997   3.182712E+01   1.333171E+03
       7.269997   3.183253E+01   1.333398E+03
       7.279997   3.184998E+01   1.334129E+03
       7.289997   3.187322E+01   1.335102E+03
       7.299997   3.188694E+01   1.335677E+03
       7.309997   3.187773E+01   1.335291E+03
       7.319997   3.184237E+01   1.333810E+03
       7.329997   3.178609E+01   1.331453E+03
       7.339997   3.171583E+01   1.328510E+03
       7.349997   3.163679E+01   1.325199E+03
       7.359997   3.155370E+01   1.321718E+03
       7.369997   3.147274E+01   1.318327E+03
       7.379997   3.140035E+01   1.315295E+03
       7.389997   3.134000E+01   1.312767E+03
       7.399997   3.129072E+01   1.310702E+03
       7.409997   3.124874E+01   1.308944E+03
       7.419997   3.121042E+01   1.307339E+03
       7.429996   3.117410E+01   1.305817E+03
       7.439996   3.114134E+01   1.304446E+03
       7.449996   3.111651E+01   1.303405E+03
       7.459996   3.110234E+01   1.302812E+03
       7.469996   3.109540E+01   1.302521E+03
       7.479996   3.108707E+01   1.302172E+03
       7.489996   3.106973E+01   1.301446E+03
       7.499996   3.104230E+01   1.300297E+03
       7.509996   3.101037E+01   1.298959E+03
       7.519996   3.098204E+01   1.297772E+03
       7.529996   3.096284E+01   1.296969E+03
       7.539996   3.095285E+01   1.296550E+03
       7.549996   3.094829E+01   1.296359E+03
       7.559996   3.094679E+01   1.296296E+03
       7.569996   3.094924E+01   1.296399E+03
       7.579996   3.095549E+01   1.296661E+03
       7.589996   3.096231E+01   1.296946E+03
       7.599996   3.096843E+01   1.297203E+03
       7.609996   3.097779E+01   1.297595E+03
       7.619996   3.099552E+01   1.298337E+03
       7.629996   3.102146E+01   1.299424E+03
       7.639996   3.104669E+01   1.300481E+03
       7.649996   3.105740E+01   1.300929E+03
       7.659996   3.104269E+01   1.300313E+03
       7.669996   3.099761E+01   1.298425E+03
       7.679996   3.092195E+01   1.295255E+03
       7.689996   3.081963E+01   1.290970E+03
       7.699996   3.069730E+01   1.285845E+03
       7.709996   3.056093E+01   1.280133E+03
       7.719996   3.041514E+01   1.274026E+03
       7.729996   3.026699E+01   1.267821E+03
       7.739996   3.012769E+01   1.261986E+03
       7.749996   3.000650E+01   1.256909E+03
       7.759996   2.990370E+01   1.252603E+03
       7.769996   2.981194E+01   1.248760E+03
       7.779996   2.972412E+01   1.245081E+03
       7.789996   2.963972E+01   1.241546E+03
       7.799996   2.956442E+01   1.238392E+03
       7.809996   2.950597E+01   1.235943E+03
       7.819996   2.947221E+01   1.234529E+03
       7.829996   2.947093E+01   1.234475E+03
       7.839996   2.950695E+01   1.235984E+03
       7.849996   2.957550E+01   1.238855E+03
       7.859996   2.965784E+01   1.242305E+03
       7.869996   2.972847E+01   1.245263E+03
       7.879996   2.977000E+01   1.247003E+03
       7.889996   2.978016E+01   1.247428E+03
       7.899996   2.976593E+01   1.246833E+03
       7.909996   2.973549E+01   1.245557E+03
       7.919996   2.969484E+01   1.243855E+03
       7.929996   2.964681E+01   1.241843E+03
       7.939996   2.959097E+01   1.239504E+03
       7.949996   2.952604E+01   1.236784E+03
       7.959996   2.945376E+01   1.233756E+03
       7.969996   2.938083E+01   1.230701E+03
       7.979996   2.931783E+01   1.228062E+03
       7.989996   2.927645E+01   1.226329E+03
