 #calculated the component:  1  2  3
 #tolerance:    2.000000E-03
 #broadening:    3.675000E-03Ha
 #scissors shift:    0.000000E+00Ha
 #energy window:    8.462793E+01eV    3.110019E+00Ha
 # Energy      Tot-Im Chi(-2w,w,w)  Tot-Im Chi(-2w,w,w)
 # eV          *10^-7 esu        *10^-12 m/V SI units 
 # 
       0.010000  -1.503112E+03  -6.296220E+04
       0.020000  -1.629906E+03  -6.827336E+04
       0.030000  -1.744222E+03  -7.306178E+04
       0.040000  -1.834629E+03  -7.684877E+04
       0.050000  -1.888456E+03  -7.910344E+04
       0.060000  -1.893886E+03  -7.933092E+04
       0.070000  -1.842710E+03  -7.718727E+04
       0.080000  -1.732848E+03  -7.258538E+04
       0.090000  -1.569647E+03  -6.574921E+04
       0.100000  -1.365358E+03  -5.719199E+04
       0.110000  -1.136989E+03  -4.762609E+04
       0.120000  -9.032932E+02  -3.783706E+04
       0.130000  -6.817417E+02  -2.855673E+04
       0.140000  -4.860751E+02  -2.036067E+04
       0.150000  -3.248070E+02  -1.360548E+04
       0.160000  -2.008829E+02  -8.414562E+03
       0.170000  -1.124629E+02  -4.710834E+03
       0.180000  -5.447288E+01  -2.281755E+03
       0.190000  -2.036043E+01  -8.528555E+02
       0.200000  -3.548349E+00  -1.486329E+02
       0.210000   1.662640E+00   6.964452E+01
       0.220000  -2.750750E-01  -1.152231E+01
       0.230000  -6.153559E+00  -2.577597E+02
       0.240000  -1.381618E+01  -5.787307E+02
       0.250000  -2.190692E+01  -9.176351E+02
       0.260000  -2.963616E+01  -1.241396E+03
       0.270000  -3.659217E+01  -1.532769E+03
       0.280000  -4.260269E+01  -1.784537E+03
       0.290000  -4.763908E+01  -1.995501E+03
       0.300000  -5.175326E+01  -2.167836E+03
       0.310000  -5.503769E+01  -2.305413E+03
       0.320000  -5.760110E+01  -2.412789E+03
       0.330000  -5.955446E+01  -2.494611E+03
       0.340000  -6.100334E+01  -2.555302E+03
       0.350000  -6.204440E+01  -2.598910E+03
       0.360000  -6.276409E+01  -2.629056E+03
       0.370000  -6.323879E+01  -2.648940E+03
       0.380000  -6.353562E+01  -2.661374E+03
       0.390000  -6.371361E+01  -2.668830E+03
       0.400000  -6.382489E+01  -2.673491E+03
       0.410000  -6.391586E+01  -2.677301E+03
       0.420000  -6.402821E+01  -2.682008E+03
       0.430000  -6.419964E+01  -2.689188E+03
       0.440000  -6.446417E+01  -2.700269E+03
       0.450000  -6.485202E+01  -2.716515E+03
       0.460000  -6.538863E+01  -2.738993E+03
       0.470000  -6.609279E+01  -2.768488E+03
       0.480000  -6.697343E+01  -2.805376E+03
       0.490000  -6.802499E+01  -2.849424E+03
       0.500000  -6.922139E+01  -2.899539E+03
       0.510000  -7.050941E+01  -2.953491E+03
       0.520000  -7.180346E+01  -3.007696E+03
       0.530000  -7.298479E+01  -3.057180E+03
       0.540000  -7.390935E+01  -3.095908E+03
       0.550000  -7.442705E+01  -3.117593E+03
       0.560000  -7.441062E+01  -3.116905E+03
       0.570000  -7.378648E+01  -3.090761E+03
       0.580000  -7.255527E+01  -3.039188E+03
       0.590000  -7.079260E+01  -2.965353E+03
       0.600000  -6.862986E+01  -2.874761E+03
       0.610000  -6.622385E+01  -2.773978E+03
       0.620000  -6.372772E+01  -2.669420E+03
       0.630000  -6.127123E+01  -2.566523E+03
       0.640000  -5.895258E+01  -2.469400E+03
       0.650000  -5.683896E+01  -2.380865E+03
       0.660000  -5.497201E+01  -2.302662E+03
       0.670000  -5.337469E+01  -2.235754E+03
       0.680000  -5.205770E+01  -2.180588E+03
       0.690000  -5.102448E+01  -2.137309E+03
       0.700000  -5.027458E+01  -2.105897E+03
       0.710000  -4.980557E+01  -2.086251E+03
       0.720000  -4.961363E+01  -2.078211E+03
       0.730000  -4.969279E+01  -2.081527E+03
       0.740000  -5.003303E+01  -2.095779E+03
       0.750000  -5.061723E+01  -2.120250E+03
       0.760000  -5.141725E+01  -2.153761E+03
       0.770000  -5.238973E+01  -2.194496E+03
       0.780000  -5.347317E+01  -2.239879E+03
       0.790000  -5.458807E+01  -2.286580E+03
       0.800000  -5.564223E+01  -2.330736E+03
       0.810000  -5.654205E+01  -2.368428E+03
       0.820000  -5.720755E+01  -2.396304E+03
       0.830000  -5.758649E+01  -2.412177E+03
       0.840000  -5.766225E+01  -2.415351E+03
       0.850000  -5.745322E+01  -2.406595E+03
       0.860000  -5.700570E+01  -2.387849E+03
       0.870000  -5.638431E+01  -2.361820E+03
       0.880000  -5.566212E+01  -2.331570E+03
       0.890000  -5.491087E+01  -2.300101E+03
       0.900000  -5.419074E+01  -2.269936E+03
       0.910000  -5.354082E+01  -2.242713E+03
       0.920000  -5.297266E+01  -2.218914E+03
       0.930000  -5.246893E+01  -2.197813E+03
       0.940000  -5.198864E+01  -2.177695E+03
       0.950000  -5.147832E+01  -2.156319E+03
       0.960000  -5.088631E+01  -2.131521E+03
       0.970000  -5.017549E+01  -2.101746E+03
       0.980000  -4.932953E+01  -2.066310E+03
       0.990000  -4.834991E+01  -2.025276E+03
       1.000000  -4.724574E+01  -1.979025E+03
       1.010000  -4.602167E+01  -1.927751E+03
       1.020000  -4.467084E+01  -1.871168E+03
       1.030000  -4.317658E+01  -1.808576E+03
       1.040000  -4.152309E+01  -1.739315E+03
       1.050000  -3.971018E+01  -1.663376E+03
       1.060000  -3.776586E+01  -1.581933E+03
       1.069999  -3.575127E+01  -1.497546E+03
       1.079999  -3.375709E+01  -1.414014E+03
       1.089999  -3.189338E+01  -1.335947E+03
       1.099999  -3.027613E+01  -1.268203E+03
       1.109999  -2.901174E+01  -1.215241E+03
       1.119999  -2.818022E+01  -1.180410E+03
       1.129999  -2.781884E+01  -1.165273E+03
       1.139999  -2.791116E+01  -1.169140E+03
       1.149999  -2.838694E+01  -1.189070E+03
       1.159999  -2.913532E+01  -1.220417E+03
       1.169999  -3.002787E+01  -1.257804E+03
       1.179999  -3.094380E+01  -1.296171E+03
       1.189999  -3.178956E+01  -1.331598E+03
       1.199999  -3.250890E+01  -1.361730E+03
       1.209999  -3.308324E+01  -1.385788E+03
       1.219999  -3.352490E+01  -1.404288E+03
       1.229999  -3.386671E+01  -1.418605E+03
       1.239999  -3.415091E+01  -1.430510E+03
       1.249999  -3.441967E+01  -1.441768E+03
       1.259999  -3.470812E+01  -1.453850E+03
       1.269999  -3.504035E+01  -1.467767E+03
       1.279999  -3.542755E+01  -1.483986E+03
       1.289999  -3.586770E+01  -1.502423E+03
       1.299999  -3.634597E+01  -1.522456E+03
       1.309999  -3.683591E+01  -1.542979E+03
       1.319999  -3.730176E+01  -1.562492E+03
       1.329999  -3.770196E+01  -1.579256E+03
       1.339999  -3.799368E+01  -1.591475E+03
       1.349999  -3.813764E+01  -1.597506E+03
       1.359999  -3.810235E+01  -1.596028E+03
       1.369999  -3.786708E+01  -1.586173E+03
       1.379999  -3.742295E+01  -1.567569E+03
       1.389999  -3.677274E+01  -1.540333E+03
       1.399999  -3.593039E+01  -1.505049E+03
       1.409999  -3.492077E+01  -1.462758E+03
       1.419999  -3.377928E+01  -1.414943E+03
       1.429999  -3.254995E+01  -1.363449E+03
       1.439999  -3.128094E+01  -1.310293E+03
       1.449999  -3.001824E+01  -1.257401E+03
       1.459999  -2.879885E+01  -1.206323E+03
       1.469999  -2.764543E+01  -1.158009E+03
       1.479999  -2.656325E+01  -1.112679E+03
       1.489999  -2.553949E+01  -1.069796E+03
       1.499999  -2.454490E+01  -1.028135E+03
       1.509999  -2.353722E+01  -9.859249E+02
       1.519999  -2.246641E+01  -9.410709E+02
       1.529999  -2.128099E+01  -8.914161E+02
       1.539999  -1.993480E+01  -8.350270E+02
       1.549999  -1.839360E+01  -7.704695E+02
       1.559999  -1.664119E+01  -6.970644E+02
       1.569999  -1.468477E+01  -6.151143E+02
       1.579999  -1.255913E+01  -5.260757E+02
       1.589999  -1.032851E+01  -4.326398E+02
       1.599999  -8.085408E+00  -3.386808E+02
       1.609999  -5.944893E+00  -2.490191E+02
       1.619999  -4.033093E+00  -1.689378E+02
       1.629999  -2.468988E+00  -1.034207E+02
       1.639999  -1.341982E+00  -5.621282E+01
       1.649999  -6.919019E-01  -2.898232E+01
       1.659999  -5.001070E-01  -2.094843E+01
       1.669999  -6.970043E-01  -2.919605E+01
       1.679999  -1.183726E+00  -4.958379E+01
       1.689999  -1.859156E+00  -7.787615E+01
       1.699999  -2.642060E+00  -1.106704E+02
       1.709999  -3.481589E+00  -1.458365E+02
       1.719999  -4.354932E+00  -1.824190E+02
       1.729999  -5.255733E+00  -2.201516E+02
       1.739999  -6.179649E+00  -2.588525E+02
       1.749999  -7.113245E+00  -2.979589E+02
       1.759999  -8.029588E+00  -3.363426E+02
       1.769999  -8.890128E+00  -3.723888E+02
       1.779999  -9.650122E+00  -4.042234E+02
       1.789999  -1.026456E+01  -4.299609E+02
       1.799999  -1.069252E+01  -4.478871E+02
       1.809999  -1.089914E+01  -4.565422E+02
       1.819999  -1.085586E+01  -4.547294E+02
       1.829999  -1.054047E+01  -4.415181E+02
       1.839999  -9.939042E+00  -4.163256E+02
       1.849999  -9.050604E+00  -3.791108E+02
       1.859999  -7.893370E+00  -3.306367E+02
       1.869999  -6.510144E+00  -2.726963E+02
       1.879999  -4.970226E+00  -2.081923E+02
       1.889999  -3.366123E+00  -1.409998E+02
       1.899999  -1.804399E+00  -7.558251E+01
       1.909999  -3.909904E-01  -1.637777E+01
       1.919999   7.870510E-01   3.296792E+01
       1.929999   1.679472E+00   7.034957E+01
       1.939999   2.285332E+00   9.572776E+01
       1.949999   2.655930E+00   1.112514E+02
       1.959999   2.886954E+00   1.209285E+02
       1.969999   3.102115E+00   1.299411E+02
       1.979999   3.432604E+00   1.437846E+02
       1.989999   3.996593E+00   1.674089E+02
       1.999999   4.881547E+00   2.044778E+02
       2.009999   6.130619E+00   2.567988E+02
       2.019999   7.733174E+00   3.239264E+02
       2.029999   9.619012E+00   4.029202E+02
       2.039999   1.165617E+01   4.882525E+02
       2.049999   1.365390E+01   5.719330E+02
       2.059999   1.537471E+01   6.440144E+02
       2.069999   1.656038E+01   6.936795E+02
       2.079999   1.697299E+01   7.109628E+02
       2.089999   1.644415E+01   6.888109E+02
       2.099999   1.491702E+01   6.248426E+02
       2.109999   1.246465E+01   5.221181E+02
       2.119999   9.277513E+00   3.886155E+02
       2.129999   5.626429E+00   2.356793E+02
       2.139999   1.815885E+00   7.606362E+01
       2.149999  -1.858247E+00  -7.783805E+01
       2.159999  -5.138860E+00  -2.152560E+02
       2.169999  -7.824737E+00  -3.277618E+02
       2.179999  -9.777761E+00  -4.095699E+02
       2.189999  -1.092436E+01  -4.575983E+02
       2.199999  -1.125398E+01  -4.714055E+02
       2.209999  -1.081517E+01  -4.530246E+02
       2.219999  -9.707943E+00  -4.066454E+02
       2.229999  -8.071276E+00  -3.380888E+02
       2.239999  -6.065503E+00  -2.540712E+02
       2.249999  -3.851583E+00  -1.613347E+02
       2.259999  -1.571011E+00  -6.580637E+01
       2.269999   6.687583E-01   2.801288E+01
       2.279999   2.799486E+00   1.172646E+02
       2.289999   4.787132E+00   2.005229E+02
       2.299999   6.619750E+00   2.772874E+02
       2.309999   8.293668E+00   3.474044E+02
       2.319999   9.802832E+00   4.106201E+02
       2.329999   1.113353E+01   4.663600E+02
       2.339999   1.226394E+01   5.137108E+02
       2.349999   1.316669E+01   5.515252E+02
       2.359999   1.381247E+01   5.785753E+02
       2.369999   1.417401E+01   5.937194E+02
       2.379999   1.423032E+01   5.960783E+02
       2.389999   1.397122E+01   5.852250E+02
       2.399999   1.340152E+01   5.613617E+02
       2.409999   1.254356E+01   5.254233E+02
       2.419999   1.143658E+01   4.790545E+02
       2.429999   1.013361E+01   4.244756E+02
       2.439999   8.697564E+00   3.643227E+02
       2.449999   7.199197E+00   3.015592E+02
       2.459999   5.716995E+00   2.394729E+02
       2.469999   4.337341E+00   1.816821E+02
       2.479999   3.152029E+00   1.320319E+02
       2.489999   2.251442E+00   9.430820E+01
       2.499999   1.713694E+00   7.178306E+01
       2.509999   1.592008E+00   6.668587E+01
       2.519999   1.903914E+00   7.975096E+01
       2.529999   2.626298E+00   1.100101E+02
       2.539999   3.699109E+00   1.549479E+02
       2.549999   5.037256E+00   2.110001E+02
       2.559999   6.546447E+00   2.742169E+02
       2.569999   8.137240E+00   3.408519E+02
       2.579999   9.733447E+00   4.077137E+02
       2.589999   1.127455E+01   4.722674E+02
       2.599999   1.271415E+01   5.325691E+02
       2.609999   1.401666E+01   5.871284E+02
       2.619999   1.515380E+01   6.347610E+02
       2.629999   1.610189E+01   6.744745E+02
       2.639999   1.684055E+01   7.054152E+02
       2.649999   1.735286E+01   7.268749E+02
       2.659999   1.762591E+01   7.383124E+02
       2.669999   1.765031E+01   7.393343E+02
       2.679999   1.741847E+01   7.296232E+02
       2.689999   1.692328E+01   7.088805E+02
       2.699999   1.615956E+01   6.768901E+02
       2.709999   1.513030E+01   6.337767E+02
       2.719999   1.385603E+01   5.804000E+02
       2.729999   1.238268E+01   5.186844E+02
       2.739999   1.078205E+01   4.516373E+02
       2.749999   9.142030E+00   3.829404E+02
       2.759999   7.549349E+00   3.162264E+02
       2.769999   6.071522E+00   2.543233E+02
       2.779999   4.744934E+00   1.987553E+02
       2.789999   3.572486E+00   1.496439E+02
       2.799999   2.530590E+00   1.060011E+02
       2.809999   1.583371E+00   6.632408E+01
       2.819999   7.011364E-01   2.936913E+01
       2.829999  -1.213233E-01  -5.081981E+00
       2.839999  -8.532572E-01  -3.574115E+01
       2.849999  -1.429938E+00  -5.989709E+01
       2.859999  -1.770105E+00  -7.414599E+01
       2.869999  -1.803215E+00  -7.553287E+01
       2.879999  -1.495213E+00  -6.263133E+01
       2.889999  -8.621883E-01  -3.611526E+01
       2.899999   3.221612E-02   1.349466E+00
       2.909999   1.091760E+00   4.573153E+01
       2.919999   2.206846E+00   9.244013E+01
       2.929999   3.271144E+00   1.370213E+02
       2.939999   4.192846E+00   1.756295E+02
       2.949999   4.901214E+00   2.053016E+02
       2.959999   5.349960E+00   2.240986E+02
       2.969999   5.518059E+00   2.311399E+02
       2.979999   5.407867E+00   2.265242E+02
       2.989999   5.041179E+00   2.111644E+02
       2.999999   4.455141E+00   1.866165E+02
       3.009999   3.699877E+00   1.549801E+02
       3.019999   2.837406E+00   1.188530E+02
       3.029999   1.938795E+00   8.121206E+01
       3.039999   1.076517E+00   4.509302E+01
       3.049999   3.125540E-01   1.309223E+01
       3.059999  -3.127557E-01  -1.310068E+01
       3.069999  -7.851985E-01  -3.289032E+01
       3.079999  -1.112380E+00  -4.659528E+01
       3.089999  -1.314068E+00  -5.504353E+01
       3.099999  -1.413105E+00  -5.919200E+01
       3.109999  -1.430810E+00  -5.993361E+01
       3.119999  -1.386622E+00  -5.808267E+01
       3.129999  -1.299139E+00  -5.441820E+01
       3.139999  -1.185918E+00  -4.967561E+01
       3.149999  -1.061467E+00  -4.446265E+01
       3.159999  -9.346141E-01  -3.914902E+01
       3.169999  -8.067415E-01  -3.379271E+01
       3.179999  -6.717040E-01  -2.813627E+01
       3.189998  -5.174369E-01  -2.167435E+01
       3.199998  -3.288530E-01  -1.377496E+01
       3.209998  -9.137335E-02  -3.827438E+00
       3.219998   2.056651E-01   8.614880E+00
       3.229998   5.662245E-01   2.371796E+01
       3.239998   9.853742E-01   4.127526E+01
       3.249998   1.447421E+00   6.062943E+01
       3.259998   1.924616E+00   8.061812E+01
       3.269998   2.377650E+00   9.959478E+01
       3.279998   2.759491E+00   1.155893E+02
       3.289998   3.023063E+00   1.266298E+02
       3.299998   3.131394E+00   1.311675E+02
       3.309998   3.067358E+00   1.284852E+02
       3.319998   2.839816E+00   1.189539E+02
       3.329998   2.483860E+00   1.040437E+02
       3.339998   2.054627E+00   8.606400E+01
       3.349998   1.616485E+00   6.771118E+01
       3.359998   1.231132E+00   5.156955E+01
       3.369998   9.480944E-01   3.971368E+01
       3.379998   7.993053E-01   3.348122E+01
       3.389998   7.972726E-01   3.339608E+01
       3.399998   9.355762E-01   3.918932E+01
       3.409998   1.191149E+00   4.989473E+01
       3.419998   1.528663E+00   6.403250E+01
       3.429998   1.907168E+00   7.988727E+01
       3.439998   2.287958E+00   9.583777E+01
       3.449998   2.641551E+00   1.106490E+02
       3.459998   2.951624E+00   1.236373E+02
       3.469998   3.214955E+00   1.346677E+02
       3.479998   3.438064E+00   1.440133E+02
       3.489998   3.632271E+00   1.521482E+02
       3.499998   3.808961E+00   1.595494E+02
       3.509998   3.976184E+00   1.665540E+02
       3.519998   4.136999E+00   1.732902E+02
       3.529998   4.289466E+00   1.796767E+02
       3.539998   4.427954E+00   1.854777E+02
       3.549998   4.545319E+00   1.903939E+02
       3.559998   4.635361E+00   1.941656E+02
       3.569998   4.694698E+00   1.966510E+02
       3.579998   4.723196E+00   1.978448E+02
       3.589998   4.722556E+00   1.978180E+02
       3.599998   4.693659E+00   1.966075E+02
       3.609998   4.634269E+00   1.941198E+02
       3.619998   4.538730E+00   1.901179E+02
       3.629998   4.400233E+00   1.843165E+02
       3.639998   4.214635E+00   1.765422E+02
       3.649998   3.983735E+00   1.668703E+02
       3.659998   3.716135E+00   1.556611E+02
       3.669998   3.425283E+00   1.434779E+02
       3.679998   3.125864E+00   1.309359E+02
       3.689998   2.830537E+00   1.185652E+02
       3.699998   2.548548E+00   1.067533E+02
       3.709998   2.286703E+00   9.578520E+01
       3.719998   2.052038E+00   8.595556E+01
       3.729998   1.854973E+00   7.770091E+01
       3.739998   1.711497E+00   7.169102E+01
       3.749998   1.643126E+00   6.882712E+01
       3.759998   1.673930E+00   7.011740E+01
       3.769998   1.825019E+00   7.644622E+01
       3.779998   2.108194E+00   8.830783E+01
       3.789998   2.521214E+00   1.056084E+02
       3.799998   3.046743E+00   1.276217E+02
       3.809998   3.655469E+00   1.531199E+02
       3.819998   4.312254E+00   1.806313E+02
       3.829998   4.983319E+00   2.087408E+02
       3.839998   5.642512E+00   2.363530E+02
       3.849998   6.275197E+00   2.628548E+02
       3.859998   6.878868E+00   2.881414E+02
       3.869998   7.460415E+00   3.125011E+02
       3.879998   8.030935E+00   3.363990E+02
       3.889998   8.599765E+00   3.602261E+02
       3.899998   9.169483E+00   3.840904E+02
       3.909998   9.733165E+00   4.077019E+02
       3.919998   1.027442E+01   4.303741E+02
       3.929998   1.077015E+01   4.511388E+02
       3.939998   1.119516E+01   4.689416E+02
       3.949998   1.152731E+01   4.828548E+02
       3.959998   1.175105E+01   4.922269E+02
       3.969998   1.185785E+01   4.967004E+02
       3.979998   1.184333E+01   4.960923E+02
       3.989998   1.170294E+01   4.902117E+02
       3.999998   1.142890E+01   4.787326E+02
       4.009998   1.101084E+01   4.612210E+02
       4.019998   1.044059E+01   4.373344E+02
       4.029998   9.719260E+00   4.071194E+02
       4.039998   8.863339E+00   3.712667E+02
       4.049998   7.906466E+00   3.311853E+02
       4.059998   6.895184E+00   2.888248E+02
       4.069998   5.879635E+00   2.462856E+02
       4.079998   4.902750E+00   2.053659E+02
       4.089998   3.992596E+00   1.672415E+02
       4.099998   3.161308E+00   1.324206E+02
       4.109998   2.410808E+00   1.009837E+02
       4.119998   1.741976E+00   7.296770E+01
       4.129998   1.162092E+00   4.867758E+01
       4.139998   6.864745E-01   2.875498E+01
       4.149998   3.337269E-01   1.397912E+01
       4.159998   1.176307E-01   4.927303E+00
       4.169998   4.016421E-02   1.682395E+00
       4.179998   8.872011E-02   3.716299E+00
       4.189998   2.378510E-01   9.963079E+00
       4.199998   4.538948E-01   1.901270E+01
       4.209998   7.005587E-01   2.934494E+01
       4.219998   9.442597E-01   3.955306E+01
       4.229998   1.158583E+00   4.853062E+01
       4.239998   1.327306E+00   5.559808E+01
       4.249998   1.445466E+00   6.054756E+01
       4.259998   1.518312E+00   6.359890E+01
       4.269998   1.558500E+00   6.528231E+01
       4.279998   1.582317E+00   6.627994E+01
       4.289998   1.605779E+00   6.726270E+01
       4.299998   1.641230E+00   6.874766E+01
       4.309998   1.694608E+00   7.098355E+01
       4.319998   1.763374E+00   7.386402E+01
       4.329998   1.835329E+00   7.687807E+01
       4.339998   1.888951E+00   7.912420E+01
       4.349998   1.896048E+00   7.942147E+01
       4.359998   1.827189E+00   7.653709E+01
       4.369998   1.659455E+00   6.951107E+01
       4.379998   1.384435E+00   5.799108E+01
       4.389998   1.012869E+00   4.242697E+01
       4.399998   5.725755E-01   2.398399E+01
       4.409998   9.933719E-02   4.161026E+00
       4.419998  -3.752518E-01  -1.571851E+01
       4.429998  -8.327398E-01  -3.488172E+01
       4.439998  -1.269257E+00  -5.316650E+01
       4.449998  -1.689856E+00  -7.078452E+01
       4.459998  -2.100075E+00  -8.796775E+01
       4.469998  -2.499593E+00  -1.047027E+02
       4.479998  -2.880514E+00  -1.206587E+02
       4.489998  -3.229889E+00  -1.352933E+02
       4.499998  -3.534340E+00  -1.480461E+02
       4.509998  -3.784578E+00  -1.585280E+02
       4.519998  -3.978332E+00  -1.666440E+02
       4.529998  -4.121101E+00  -1.726243E+02
       4.539998  -4.224830E+00  -1.769693E+02
       4.549998  -4.305079E+00  -1.803307E+02
       4.559998  -4.377620E+00  -1.833693E+02
       4.569998  -4.455434E+00  -1.866288E+02
       4.579998  -4.546847E+00  -1.904579E+02
       4.589998  -4.655031E+00  -1.949895E+02
       4.599998  -4.778664E+00  -2.001682E+02
       4.609998  -4.913192E+00  -2.058033E+02
       4.619998  -5.052064E+00  -2.116204E+02
       4.629998  -5.187445E+00  -2.172912E+02
       4.639998  -5.310191E+00  -2.224328E+02
       4.649998  -5.409273E+00  -2.265831E+02
       4.659998  -5.471240E+00  -2.291788E+02
       4.669998  -5.480516E+00  -2.295673E+02
       4.679998  -5.421128E+00  -2.270797E+02
       4.689998  -5.279718E+00  -2.211563E+02
       4.699998  -5.048877E+00  -2.114869E+02
       4.709998  -4.729540E+00  -1.981105E+02
       4.719998  -4.331641E+00  -1.814433E+02
       4.729998  -3.873026E+00  -1.622329E+02
       4.739998  -3.377131E+00  -1.414609E+02
       4.749998  -2.870048E+00  -1.202203E+02
       4.759998  -2.377476E+00  -9.958747E+01
       4.769998  -1.921953E+00  -8.050660E+01
       4.779998  -1.520742E+00  -6.370068E+01
       4.789998  -1.184607E+00  -4.962071E+01
       4.799998  -9.175973E-01  -3.843623E+01
       4.809998  -7.177390E-01  -3.006458E+01
       4.819998  -5.784644E-01  -2.423066E+01
       4.829998  -4.904907E-01  -2.054563E+01
       4.839998  -4.438156E-01  -1.859051E+01
       4.849998  -4.294742E-01  -1.798977E+01
       4.859998  -4.407383E-01  -1.846160E+01
       4.869998  -4.735401E-01  -1.983560E+01
       4.879998  -5.260207E-01  -2.203390E+01
       4.889998  -5.972496E-01  -2.501753E+01
       4.899998  -6.854078E-01  -2.871030E+01
       4.909998  -7.860717E-01  -3.292690E+01
       4.919998  -8.914516E-01  -3.734104E+01
       4.929998  -9.912257E-01  -4.152037E+01
       4.939998  -1.074941E+00  -4.502704E+01
       4.949998  -1.135174E+00  -4.755004E+01
       4.959998  -1.170186E+00  -4.901664E+01
       4.969998  -1.184906E+00  -4.963321E+01
       4.979998  -1.189574E+00  -4.982877E+01
       4.989998  -1.196309E+00  -5.011087E+01
       4.999998  -1.214716E+00  -5.088189E+01
       5.009998  -1.248218E+00  -5.228524E+01
       5.019998  -1.292544E+00  -5.414195E+01
       5.029998  -1.336865E+00  -5.599845E+01
       5.039998  -1.367029E+00  -5.726200E+01
       5.049998  -1.369721E+00  -5.737476E+01
       5.059998  -1.336316E+00  -5.597548E+01
       5.069998  -1.265476E+00  -5.300815E+01
       5.079998  -1.163920E+00  -4.875418E+01
       5.089998  -1.045311E+00  -4.378588E+01
       5.099998  -9.276821E-01  -3.885866E+01
       5.109998  -8.300559E-01  -3.476930E+01
       5.119998  -7.689186E-01  -3.220839E+01
       5.129998  -7.551674E-01  -3.163238E+01
       5.139998  -7.921226E-01  -3.318036E+01
       5.149998  -8.751053E-01  -3.665633E+01
       5.159998  -9.927201E-01  -4.158296E+01
       5.169998  -1.129418E+00  -4.730893E+01
       5.179998  -1.268471E+00  -5.313361E+01
       5.189998  -1.394532E+00  -5.841404E+01
       5.199998  -1.495342E+00  -6.263672E+01
       5.209998  -1.562616E+00  -6.545470E+01
       5.219998  -1.592289E+00  -6.669765E+01
       5.229998  -1.584255E+00  -6.636110E+01
       5.239998  -1.541712E+00  -6.457909E+01
       5.249998  -1.470270E+00  -6.158652E+01
       5.259998  -1.376992E+00  -5.767931E+01
       5.269998  -1.269581E+00  -5.318007E+01
       5.279998  -1.155739E+00  -4.841150E+01
       5.289998  -1.042665E+00  -4.367505E+01
       5.299998  -9.365667E-01  -3.923081E+01
       5.309997  -8.421777E-01  -3.527706E+01
       5.319997  -7.623157E-01  -3.193181E+01
       5.329997  -6.975875E-01  -2.922048E+01
       5.339997  -6.463206E-01  -2.707301E+01
       5.349997  -6.047633E-01  -2.533227E+01
       5.359997  -5.675563E-01  -2.377374E+01
       5.369997  -5.284607E-01  -2.213611E+01
       5.379997  -4.813089E-01  -2.016102E+01
       5.389997  -4.210807E-01  -1.763819E+01
       5.399997  -3.449137E-01  -1.444771E+01
       5.409997  -2.527928E-01  -1.058896E+01
       5.419997  -1.477279E-01  -6.188011E+00
       5.429997  -3.540553E-02  -1.483063E+00
       5.439997   7.652017E-02   3.205269E+00
       5.449997   1.792953E-01   7.510303E+00
       5.459997   2.639794E-01   1.105754E+01
       5.469997   3.223897E-01   1.350423E+01
       5.479997   3.480493E-01   1.457905E+01
       5.489997   3.370045E-01   1.411641E+01
       5.499997   2.882735E-01   1.207517E+01
       5.509997   2.036863E-01   8.531991E+00
       5.519997   8.704823E-02   3.646268E+00
       5.529997  -5.711191E-02  -2.392298E+00
       5.539997  -2.246511E-01  -9.410162E+00
       5.549997  -4.122304E-01  -1.726747E+01
       5.559997  -6.168430E-01  -2.583826E+01
       5.569997  -8.346927E-01  -3.496352E+01
       5.579997  -1.059964E+00  -4.439966E+01
       5.589997  -1.284132E+00  -5.378961E+01
       5.599997  -1.496352E+00  -6.267904E+01
       5.609997  -1.685039E+00  -7.058274E+01
       5.619997  -1.840162E+00  -7.708054E+01
       5.629997  -1.955305E+00  -8.190364E+01
       5.639997  -2.028656E+00  -8.497616E+01
       5.649997  -2.062677E+00  -8.640122E+01
       5.659997  -2.062843E+00  -8.640817E+01
       5.669997  -2.036128E+00  -8.528913E+01
       5.679997  -1.989761E+00  -8.334690E+01
       5.689997  -1.930428E+00  -8.086160E+01
       5.699997  -1.863836E+00  -7.807217E+01
       5.709997  -1.794480E+00  -7.516699E+01
       5.719997  -1.725578E+00  -7.228085E+01
       5.729997  -1.659186E+00  -6.949982E+01
       5.739997  -1.596530E+00  -6.687527E+01
       5.749997  -1.538511E+00  -6.444498E+01
       5.759997  -1.486215E+00  -6.225442E+01
       5.769997  -1.441227E+00  -6.036998E+01
       5.779997  -1.405630E+00  -5.887887E+01
       5.789997  -1.381695E+00  -5.787629E+01
       5.799997  -1.371397E+00  -5.744493E+01
       5.809997  -1.375894E+00  -5.763333E+01
       5.819997  -1.395122E+00  -5.843874E+01
       5.829997  -1.427584E+00  -5.979849E+01
       5.839997  -1.470419E+00  -6.159275E+01
       5.849997  -1.519776E+00  -6.366021E+01
       5.859997  -1.571462E+00  -6.582526E+01
       5.869997  -1.621721E+00  -6.793048E+01
       5.879997  -1.667875E+00  -6.986378E+01
       5.889997  -1.708603E+00  -7.156979E+01
       5.899997  -1.743740E+00  -7.304161E+01
       5.909997  -1.773748E+00  -7.429860E+01
       5.919997  -1.799120E+00  -7.536137E+01
       5.929997  -1.819961E+00  -7.623436E+01
       5.939997  -1.835883E+00  -7.690129E+01
       5.949997  -1.846203E+00  -7.733358E+01
       5.959997  -1.850352E+00  -7.750735E+01
       5.969997  -1.848308E+00  -7.742174E+01
       5.979997  -1.840875E+00  -7.711038E+01
       5.989997  -1.829682E+00  -7.664152E+01
       5.999997  -1.816955E+00  -7.610845E+01
       6.009997  -1.805212E+00  -7.561653E+01
       6.019997  -1.797010E+00  -7.527298E+01
       6.029997  -1.794824E+00  -7.518141E+01
       6.039997  -1.800958E+00  -7.543836E+01
       6.049997  -1.817425E+00  -7.612814E+01
       6.059997  -1.845707E+00  -7.731281E+01
       6.069997  -1.886390E+00  -7.901691E+01
       6.079997  -1.938741E+00  -8.120978E+01
       6.089997  -2.000377E+00  -8.379160E+01
       6.099997  -2.067192E+00  -8.659034E+01
       6.109997  -2.133665E+00  -8.937477E+01
       6.119997  -2.193553E+00  -9.188333E+01
       6.129997  -2.240821E+00  -9.386330E+01
       6.139997  -2.270594E+00  -9.511041E+01
       6.149997  -2.279850E+00  -9.549812E+01
       6.159997  -2.267692E+00  -9.498886E+01
       6.169997  -2.235170E+00  -9.362660E+01
       6.179997  -2.184795E+00  -9.151647E+01
       6.189997  -2.119932E+00  -8.879949E+01
       6.199997  -2.044244E+00  -8.562909E+01
       6.209997  -1.961254E+00  -8.215280E+01
       6.219997  -1.874045E+00  -7.849981E+01
       6.229997  -1.785090E+00  -7.477366E+01
       6.239997  -1.696170E+00  -7.104901E+01
       6.249997  -1.608389E+00  -6.737202E+01
       6.259997  -1.522253E+00  -6.376399E+01
       6.269997  -1.437827E+00  -6.022758E+01
       6.279997  -1.354910E+00  -5.675435E+01
       6.289997  -1.273208E+00  -5.333200E+01
       6.299997  -1.192464E+00  -4.994981E+01
       6.309997  -1.112544E+00  -4.660214E+01
       6.319997  -1.033489E+00  -4.329069E+01
       6.329997  -9.555493E-01  -4.002595E+01
       6.339997  -8.792016E-01  -3.682791E+01
       6.349997  -8.051205E-01  -3.372481E+01
       6.359997  -7.340841E-01  -3.074924E+01
       6.369997  -6.668310E-01  -2.793215E+01
       6.379997  -6.039254E-01  -2.529717E+01
       6.389997  -5.457055E-01  -2.285846E+01
       6.399997  -4.923519E-01  -2.062359E+01
       6.409997  -4.440367E-01  -1.859977E+01
       6.419997  -4.010598E-01  -1.679955E+01
       6.429997  -3.638650E-01  -1.524154E+01
       6.439997  -3.328827E-01  -1.394376E+01
       6.449997  -3.082281E-01  -1.291103E+01
       6.459997  -2.893745E-01  -1.212129E+01
       6.469997  -2.749636E-01  -1.151765E+01
       6.479997  -2.628834E-01  -1.101164E+01
       6.489997  -2.506431E-01  -1.049891E+01
       6.499997  -2.359479E-01  -9.883361E+00
       6.509997  -2.172872E-01  -9.101707E+00
       6.519997  -1.943323E-01  -8.140171E+00
       6.529997  -1.679943E-01  -7.036930E+00
       6.539997  -1.401179E-01  -5.869244E+00
       6.549997  -1.129133E-01  -4.729703E+00
       6.559997  -8.832194E-02  -3.699621E+00
       6.569997  -6.750657E-02  -2.827709E+00
       6.579997  -5.060214E-02  -2.119617E+00
       6.589997  -3.677214E-02  -1.540308E+00
       6.599997  -2.452973E-02  -1.027499E+00
       6.609997  -1.219552E-02  -5.108446E-01
       6.619997   1.681945E-03   7.045316E-02
       6.629997   1.808101E-02   7.573756E-01
       6.639997   3.746363E-02   1.569273E+00
       6.649997   5.985202E-02   2.507075E+00
       6.659997   8.491707E-02   3.556998E+00
       6.669997   1.120260E-01   4.692536E+00
       6.679997   1.402658E-01   5.875441E+00
       6.689997   1.684780E-01   7.057189E+00
       6.699997   1.953137E-01   8.181281E+00
       6.709997   2.192884E-01   9.185530E+00
       6.719997   2.388235E-01   1.000381E+01
       6.729997   2.522974E-01   1.056821E+01
       6.739997   2.581540E-01   1.081353E+01
       6.749997   2.551020E-01   1.068569E+01
       6.759997   2.423885E-01   1.015315E+01
       6.769997   2.200607E-01   9.217881E+00
       6.779997   1.890907E-01   7.920614E+00
       6.789997   1.512741E-01   6.336556E+00
       6.799997   1.089168E-01   4.562297E+00
       6.809997   6.444097E-02   2.699297E+00
       6.819997   2.007170E-02   8.407614E-01
       6.829997  -2.230419E-02  -9.342756E-01
       6.839997  -6.113496E-02  -2.560815E+00
       6.849997  -9.516246E-02  -3.986156E+00
       6.859997  -1.234412E-01  -5.170693E+00
       6.869997  -1.454427E-01  -6.092291E+00
       6.879997  -1.611875E-01  -6.751804E+00
       6.889997  -1.713072E-01  -7.175698E+00
       6.899997  -1.769661E-01  -7.412739E+00
       6.909997  -1.796418E-01  -7.524820E+00
       6.919997  -1.808435E-01  -7.575154E+00
       6.929997  -1.818760E-01  -7.618402E+00
       6.939997  -1.837258E-01  -7.695887E+00
       6.949997  -1.870702E-01  -7.835978E+00
       6.959997  -1.923533E-01  -8.057275E+00
       6.969997  -1.998622E-01  -8.371810E+00
       6.979997  -2.097755E-01  -8.787057E+00
       6.989997  -2.221945E-01  -9.307261E+00
       6.999997  -2.371801E-01  -9.934977E+00
       7.009997  -2.547940E-01  -1.067279E+01
       7.019997  -2.751154E-01  -1.152401E+01
       7.029997  -2.982090E-01  -1.249135E+01
       7.039997  -3.240479E-01  -1.357369E+01
       7.049997  -3.524309E-01  -1.476259E+01
       7.059997  -3.829404E-01  -1.604057E+01
       7.069997  -4.149617E-01  -1.738188E+01
       7.079997  -4.477560E-01  -1.875556E+01
       7.089997  -4.805597E-01  -2.012964E+01
       7.099997  -5.126834E-01  -2.147523E+01
       7.109997  -5.435919E-01  -2.276992E+01
       7.119997  -5.729515E-01  -2.399974E+01
       7.129997  -6.006301E-01  -2.515913E+01
       7.139997  -6.266456E-01  -2.624887E+01
       7.149997  -6.510821E-01  -2.727246E+01
       7.159997  -6.740183E-01  -2.823321E+01
       7.169997  -6.955210E-01  -2.913392E+01
       7.179997  -7.157183E-01  -2.997994E+01
       7.189997  -7.349119E-01  -3.078392E+01
       7.199997  -7.536478E-01  -3.156872E+01
       7.209997  -7.726731E-01  -3.236566E+01
       7.219997  -7.927630E-01  -3.320718E+01
       7.229997  -8.144725E-01  -3.411654E+01
       7.239997  -8.379129E-01  -3.509841E+01
       7.249997  -8.626383E-01  -3.613411E+01
       7.259997  -8.876665E-01  -3.718249E+01
       7.269997  -9.115881E-01  -3.818451E+01
       7.279997  -9.326815E-01  -3.906807E+01
       7.289997  -9.489680E-01  -3.975028E+01
       7.299997  -9.582087E-01  -4.013735E+01
       7.309997  -9.579127E-01  -4.012495E+01
       7.319997  -9.454501E-01  -3.960292E+01
       7.329997  -9.183109E-01  -3.846612E+01
       7.339997  -8.744664E-01  -3.662956E+01
       7.349997  -8.127478E-01  -3.404430E+01
       7.359997  -7.331819E-01  -3.071145E+01
       7.369997  -6.372585E-01  -2.669342E+01
       7.379997  -5.281001E-01  -2.212100E+01
       7.389997  -4.104542E-01  -1.719306E+01
       7.399997  -2.904042E-01  -1.216442E+01
       7.409997  -1.747352E-01  -7.319292E+00
       7.419997  -6.999145E-02  -2.931795E+00
       7.429996   1.860345E-02   7.792594E-01
       7.439996   8.806942E-02   3.689043E+00
       7.449996   1.381013E-01   5.784774E+00
       7.459996   1.708059E-01   7.154699E+00
       7.469996   1.898304E-01   7.951597E+00
       7.479996   1.992464E-01   8.346013E+00
       7.489996   2.026191E-01   8.487288E+00
       7.499996   2.025194E-01   8.483111E+00
       7.509996   2.004642E-01   8.397026E+00
       7.519996   1.970942E-01   8.255863E+00
       7.529996   1.923871E-01   8.058692E+00
       7.539996   1.858085E-01   7.783126E+00
       7.549996   1.764166E-01   7.389720E+00
       7.559996   1.630005E-01   6.827750E+00
       7.569996   1.443163E-01   6.045106E+00
       7.579996   1.194129E-01   5.001954E+00
       7.589996   8.796130E-02   3.684514E+00
       7.599996   5.046752E-02   2.113979E+00
       7.609996   8.290171E-03   3.472579E-01
       7.619996  -3.653840E-02  -1.530517E+00
       7.629996  -8.162461E-02  -3.419084E+00
       7.639996  -1.245731E-01  -5.218105E+00
       7.649996  -1.633191E-01  -6.841096E+00
       7.659996  -1.963853E-01  -8.226170E+00
       7.669996  -2.230302E-01  -9.342266E+00
       7.679996  -2.432710E-01  -1.019011E+01
       7.689996  -2.577847E-01  -1.079806E+01
       7.699996  -2.677147E-01  -1.121401E+01
       7.709996  -2.744349E-01  -1.149550E+01
       7.719996  -2.793243E-01  -1.170031E+01
       7.729996  -2.835936E-01  -1.187914E+01
       7.739996  -2.881824E-01  -1.207135E+01
       7.749996  -2.937243E-01  -1.230349E+01
       7.759996  -3.005651E-01  -1.259004E+01
       7.769996  -3.088185E-01  -1.293576E+01
       7.779996  -3.184447E-01  -1.333898E+01
       7.789996  -3.293324E-01  -1.379504E+01
       7.799996  -3.413606E-01  -1.429888E+01
       7.809996  -3.544216E-01  -1.484598E+01
       7.819996  -3.684013E-01  -1.543156E+01
       7.829996  -3.831287E-01  -1.604846E+01
       7.839996  -3.983193E-01  -1.668476E+01
       7.849996  -4.135301E-01  -1.732191E+01
       7.859996  -4.281377E-01  -1.793379E+01
       7.869996  -4.413357E-01  -1.848663E+01
       7.879996  -4.521559E-01  -1.893986E+01
       7.889996  -4.595282E-01  -1.924867E+01
       7.899996  -4.624016E-01  -1.936903E+01
       7.909996  -4.599284E-01  -1.926543E+01
       7.919996  -4.516768E-01  -1.891979E+01
       7.929996  -4.378022E-01  -1.833861E+01
       7.939996  -4.191087E-01  -1.755558E+01
       7.949996  -3.969659E-01  -1.662807E+01
       7.959996  -3.730977E-01  -1.562828E+01
       7.969996  -3.493001E-01  -1.463145E+01
       7.979996  -3.271585E-01  -1.370398E+01
       7.989996  -3.078317E-01  -1.289442E+01
