 #calculated the component:  1  2  3
 #tolerance:    2.000000E-03
 #broadening:    1.837465E-03Ha
 #scissors shift:    0.000000E+00Ha
 #energy window:    1.072773E+02eV    3.942369E+00Ha
 # Energy      Tot-Re Chi(-2w,w,w)  Tot-Re Chi(-2w,w,w)
 # eV          *10^-7 esu        *10^-12 m/V SI units 
 # 
       0.010000  -5.033194E+02  -2.108299E+04
       0.020000  -5.033223E+02  -2.108312E+04
       0.030000  -4.731538E+02  -1.981942E+04
       0.040000  -3.923024E+02  -1.643272E+04
       0.050000  -2.376653E+02  -9.955299E+03
       0.060000   2.303045E+00   9.646971E+01
       0.070000   3.059590E+02   1.281598E+04
       0.080000   6.136472E+02   2.570439E+04
       0.090000   8.593576E+02   3.599669E+04
       0.100000   1.007479E+03   4.220118E+04
       0.110000   1.055089E+03   4.419545E+04
       0.120000   1.012966E+03   4.243103E+04
       0.130000   8.956639E+02   3.751748E+04
       0.140000   7.267699E+02   3.044287E+04
       0.150000   5.431020E+02   2.274940E+04
       0.160000   3.819279E+02   1.599816E+04
       0.170000   2.626899E+02   1.100353E+04
       0.180000   1.846742E+02   7.735614E+03
       0.190000   1.374822E+02   5.758842E+03
       0.200000   1.101554E+02   4.614180E+03
       0.210000   9.459091E+01   3.962215E+03
       0.220000   8.563536E+01   3.587085E+03
       0.230000   8.024454E+01   3.361275E+03
       0.240000   7.668781E+01   3.212292E+03
       0.250000   7.400318E+01   3.099838E+03
       0.260000   7.166539E+01   3.001913E+03
       0.270000   6.939409E+01   2.906773E+03
       0.280000   6.704585E+01   2.808410E+03
       0.290000   6.455512E+01   2.704079E+03
       0.300000   6.190382E+01   2.593021E+03
       0.310000   5.910936E+01   2.475967E+03
       0.320000   5.622673E+01   2.355220E+03
       0.330000   5.336478E+01   2.235339E+03
       0.340000   5.071952E+01   2.124534E+03
       0.350000   4.862599E+01   2.036841E+03
       0.360000   4.761489E+01   1.994488E+03
       0.370000   4.841019E+01   2.027801E+03
       0.380000   5.171496E+01   2.166231E+03
       0.390000   5.764136E+01   2.414476E+03
       0.400000   6.509115E+01   2.726532E+03
       0.410000   7.200876E+01   3.016296E+03
       0.420000   7.666914E+01   3.211509E+03
       0.430000   7.858497E+01   3.291760E+03
       0.440000   7.823867E+01   3.277254E+03
       0.450000   7.640182E+01   3.200312E+03
       0.460000   7.374208E+01   3.088901E+03
       0.470000   7.074431E+01   2.963331E+03
       0.480000   6.776544E+01   2.838552E+03
       0.490000   6.510671E+01   2.727183E+03
       0.500000   6.304373E+01   2.640770E+03
       0.510000   6.176470E+01   2.587194E+03
       0.520000   6.121526E+01   2.564179E+03
       0.530000   6.101842E+01   2.555933E+03
       0.540000   6.069762E+01   2.542496E+03
       0.550000   6.004915E+01   2.515333E+03
       0.560000   5.925619E+01   2.482118E+03
       0.570000   5.869528E+01   2.458622E+03
       0.580000   5.863436E+01   2.456070E+03
       0.590000   5.897612E+01   2.470386E+03
       0.600000   5.925936E+01   2.482250E+03
       0.610000   5.900848E+01   2.471741E+03
       0.620000   5.806976E+01   2.432421E+03
       0.630000   5.661532E+01   2.371497E+03
       0.640000   5.497322E+01   2.302713E+03
       0.650000   5.351317E+01   2.241554E+03
       0.660000   5.260095E+01   2.203343E+03
       0.670000   5.251671E+01   2.199815E+03
       0.680000   5.325650E+01   2.230803E+03
       0.690000   5.432698E+01   2.275643E+03
       0.700000   5.484610E+01   2.297388E+03
       0.710000   5.398459E+01   2.261301E+03
       0.720000   5.131336E+01   2.149409E+03
       0.730000   4.688633E+01   1.963970E+03
       0.740000   4.129728E+01   1.729856E+03
       0.750000   3.564156E+01   1.492950E+03
       0.760000   3.108131E+01   1.301931E+03
       0.770000   2.827607E+01   1.184425E+03
       0.780000   2.722475E+01   1.140388E+03
       0.790000   2.753817E+01   1.153516E+03
       0.800000   2.874382E+01   1.204018E+03
       0.810000   3.029604E+01   1.269038E+03
       0.820000   3.156402E+01   1.322151E+03
       0.830000   3.212625E+01   1.345701E+03
       0.840000   3.196608E+01   1.338992E+03
       0.850000   3.128262E+01   1.310364E+03
       0.860000   3.021153E+01   1.265498E+03
       0.870000   2.875856E+01   1.204636E+03
       0.880000   2.693584E+01   1.128286E+03
       0.890000   2.488290E+01   1.042292E+03
       0.900000   2.287002E+01   9.579771E+02
       0.910000   2.124884E+01   8.900693E+02
       0.920000   2.038267E+01   8.537872E+02
       0.930000   2.053779E+01   8.602851E+02
       0.940000   2.180714E+01   9.134553E+02
       0.950000   2.418863E+01   1.013211E+03
       0.960000   2.767346E+01   1.159183E+03
       0.970000   3.208468E+01   1.343960E+03
       0.980000   3.687841E+01   1.544759E+03
       0.990000   4.128076E+01   1.729165E+03
       1.000000   4.464982E+01   1.870287E+03
       1.010000   4.670736E+01   1.956473E+03
       1.020000   4.748222E+01   1.988931E+03
       1.030000   4.710231E+01   1.973017E+03
       1.040000   4.574683E+01   1.916239E+03
       1.050000   4.379270E+01   1.834384E+03
       1.060000   4.179371E+01   1.750651E+03
       1.069999   4.018911E+01   1.683438E+03
       1.079999   3.910998E+01   1.638235E+03
       1.089999   3.852323E+01   1.613657E+03
       1.099999   3.850901E+01   1.613062E+03
       1.109999   3.935129E+01   1.648343E+03
       1.119999   4.134854E+01   1.732004E+03
       1.129999   4.446394E+01   1.862501E+03
       1.139999   4.809927E+01   2.014778E+03
       1.149999   5.130467E+01   2.149045E+03
       1.159999   5.330413E+01   2.232798E+03
       1.169999   5.384947E+01   2.255641E+03
       1.179999   5.322102E+01   2.229317E+03
       1.189999   5.201991E+01   2.179005E+03
       1.199999   5.088066E+01   2.131284E+03
       1.209999   5.023563E+01   2.104265E+03
       1.219999   5.021815E+01   2.103533E+03
       1.229999   5.069404E+01   2.123467E+03
       1.239999   5.141908E+01   2.153837E+03
       1.249999   5.224742E+01   2.188535E+03
       1.259999   5.319149E+01   2.228080E+03
       1.269999   5.430311E+01   2.274643E+03
       1.279999   5.561206E+01   2.329473E+03
       1.289999   5.720154E+01   2.396052E+03
       1.299999   5.919352E+01   2.479493E+03
       1.309999   6.155730E+01   2.578506E+03
       1.319999   6.399827E+01   2.680753E+03
       1.329999   6.607045E+01   2.767553E+03
       1.339999   6.732948E+01   2.820291E+03
       1.349999   6.740347E+01   2.823390E+03
       1.359999   6.608684E+01   2.768239E+03
       1.369999   6.351930E+01   2.660690E+03
       1.379999   6.024164E+01   2.523396E+03
       1.389999   5.696048E+01   2.385955E+03
       1.399999   5.424010E+01   2.272004E+03
       1.409999   5.238272E+01   2.194202E+03
       1.419999   5.145165E+01   2.155202E+03
       1.429999   5.131721E+01   2.149570E+03
       1.439999   5.174421E+01   2.167456E+03
       1.449999   5.252444E+01   2.200138E+03
       1.459999   5.353083E+01   2.242294E+03
       1.469999   5.467645E+01   2.290282E+03
       1.479999   5.588165E+01   2.340765E+03
       1.489999   5.707382E+01   2.390703E+03
       1.499999   5.819272E+01   2.437571E+03
       1.509999   5.918624E+01   2.479188E+03
       1.519999   6.000587E+01   2.513520E+03
       1.529999   6.058187E+01   2.537648E+03
       1.539999   6.078566E+01   2.546184E+03
       1.549999   6.047687E+01   2.533249E+03
       1.559999   5.964982E+01   2.498606E+03
       1.569999   5.846575E+01   2.449007E+03
       1.579999   5.700742E+01   2.387921E+03
       1.589999   5.504364E+01   2.305663E+03
       1.599999   5.222184E+01   2.187463E+03
       1.609999   4.861669E+01   2.036451E+03
       1.619999   4.495937E+01   1.883254E+03
       1.629999   4.212339E+01   1.764460E+03
       1.639999   4.051461E+01   1.697072E+03
       1.649999   4.002485E+01   1.676557E+03
       1.659999   4.031587E+01   1.688747E+03
       1.669999   4.106464E+01   1.720112E+03
       1.679999   4.208683E+01   1.762929E+03
       1.689999   4.332544E+01   1.814812E+03
       1.699999   4.477742E+01   1.875632E+03
       1.709999   4.647053E+01   1.946553E+03
       1.719999   4.844676E+01   2.029333E+03
       1.729999   5.065991E+01   2.122037E+03
       1.739999   5.289882E+01   2.215820E+03
       1.749999   5.489887E+01   2.299598E+03
       1.759999   5.652111E+01   2.367551E+03
       1.769999   5.780017E+01   2.421128E+03
       1.779999   5.886677E+01   2.465806E+03
       1.789999   5.985121E+01   2.507041E+03
       1.799999   6.081760E+01   2.547522E+03
       1.809999   6.171754E+01   2.585218E+03
       1.819999   6.236757E+01   2.612447E+03
       1.829999   6.248279E+01   2.617273E+03
       1.839999   6.179509E+01   2.588467E+03
       1.849999   6.025308E+01   2.523875E+03
       1.859999   5.815426E+01   2.435960E+03
       1.869999   5.600635E+01   2.345989E+03
       1.879999   5.423059E+01   2.271606E+03
       1.889999   5.293645E+01   2.217397E+03
       1.899999   5.178307E+01   2.169084E+03
       1.909999   4.998802E+01   2.093893E+03
       1.919999   4.663855E+01   1.953591E+03
       1.929999   4.129246E+01   1.729654E+03
       1.939999   3.453344E+01   1.446533E+03
       1.949999   2.784795E+01   1.166492E+03
       1.959999   2.267377E+01   9.497565E+02
       1.969999   1.961223E+01   8.215150E+02
       1.979999   1.856914E+01   7.778225E+02
       1.989999   1.932738E+01   8.095836E+02
       1.999999   2.178723E+01   9.126214E+02
       2.009999   2.569930E+01   1.076490E+03
       2.019999   3.034795E+01   1.271212E+03
       2.029999   3.475931E+01   1.455995E+03
       2.039999   3.825044E+01   1.602231E+03
       2.049999   4.067833E+01   1.703930E+03
       2.059999   4.230712E+01   1.772156E+03
       2.069999   4.355147E+01   1.824280E+03
       2.079999   4.472568E+01   1.873465E+03
       2.089999   4.589438E+01   1.922419E+03
       2.099999   4.689622E+01   1.964384E+03
       2.109999   4.746729E+01   1.988305E+03
       2.119999   4.732408E+01   1.982306E+03
       2.129999   4.624153E+01   1.936961E+03
       2.139999   4.425737E+01   1.853848E+03
       2.149999   4.187497E+01   1.754055E+03
       2.159999   3.989782E+01   1.671236E+03
       2.169999   3.892940E+01   1.630671E+03
       2.179999   3.908530E+01   1.637201E+03
       2.189999   4.002998E+01   1.676772E+03
       2.199999   4.103662E+01   1.718938E+03
       2.209999   4.116973E+01   1.724513E+03
       2.219999   3.972776E+01   1.664113E+03
       2.229999   3.670994E+01   1.537702E+03
       2.239999   3.307930E+01   1.385623E+03
       2.249999   3.043465E+01   1.274843E+03
       2.259999   2.988080E+01   1.251644E+03
       2.269999   3.105468E+01   1.300815E+03
       2.279999   3.250709E+01   1.361654E+03
       2.289999   3.297624E+01   1.381305E+03
       2.299999   3.208017E+01   1.343771E+03
       2.309999   3.014913E+01   1.262884E+03
       2.319999   2.779395E+01   1.164230E+03
       2.329999   2.551257E+01   1.068668E+03
       2.339999   2.353565E+01   9.858592E+02
       2.349999   2.198938E+01   9.210889E+02
       2.359999   2.113537E+01   8.853165E+02
       2.369999   2.139403E+01   8.961512E+02
       2.379999   2.310619E+01   9.678698E+02
       2.389999   2.620498E+01   1.097672E+03
       2.399999   3.006433E+01   1.259332E+03
       2.409999   3.376657E+01   1.414411E+03
       2.419999   3.660376E+01   1.533255E+03
       2.429999   3.831603E+01   1.604978E+03
       2.439999   3.896608E+01   1.632207E+03
       2.449999   3.876354E+01   1.623723E+03
       2.459999   3.800257E+01   1.591848E+03
       2.469999   3.699458E+01   1.549625E+03
       2.479999   3.591294E+01   1.504318E+03
       2.489999   3.468630E+01   1.452936E+03
       2.499999   3.304609E+01   1.384231E+03
       2.509999   3.069086E+01   1.285576E+03
       2.519999   2.749796E+01   1.151832E+03
       2.529999   2.362765E+01   9.897127E+02
       2.539999   1.938182E+01   8.118636E+02
       2.549999   1.500149E+01   6.283810E+02
       2.559999   1.077181E+01   4.512085E+02
       2.569999   7.308949E+00   3.061565E+02
       2.579999   5.418146E+00   2.269548E+02
       2.589999   5.455251E+00   2.285090E+02
       2.599999   6.908239E+00   2.893716E+02
       2.609999   8.728441E+00   3.656161E+02
       2.619999   1.015354E+01   4.253107E+02
       2.629999   1.111072E+01   4.654046E+02
       2.639999   1.186336E+01   4.969314E+02
       2.649999   1.254890E+01   5.256472E+02
       2.659999   1.302777E+01   5.457061E+02
       2.669999   1.303253E+01   5.459054E+02
       2.679999   1.241200E+01   5.199128E+02
       2.689999   1.118280E+01   4.684242E+02
       2.699999   9.466938E+00   3.965502E+02
       2.709999   7.569943E+00   3.170890E+02
       2.719999   5.983591E+00   2.506401E+02
       2.729999   5.151164E+00   2.157715E+02
       2.739999   5.284147E+00   2.213418E+02
       2.749999   6.337413E+00   2.654609E+02
       2.759999   8.045453E+00   3.370072E+02
       2.769999   1.005855E+01   4.213314E+02
       2.779999   1.215232E+01   5.090353E+02
       2.789999   1.423382E+01   5.962250E+02
       2.799999   1.610659E+01   6.746714E+02
       2.809999   1.740467E+01   7.290453E+02
       2.819999   1.789439E+01   7.495586E+02
       2.829999   1.775175E+01   7.435836E+02
       2.839999   1.739668E+01   7.287104E+02
       2.849999   1.710764E+01   7.166033E+02
       2.859999   1.687710E+01   7.069465E+02
       2.869999   1.654460E+01   6.930185E+02
       2.879999   1.596458E+01   6.687228E+02
       2.889999   1.509185E+01   6.321661E+02
       2.899999   1.405148E+01   5.885870E+02
       2.909999   1.315748E+01   5.511391E+02
       2.919999   1.275987E+01   5.344840E+02
       2.929999   1.304802E+01   5.465540E+02
       2.939999   1.401839E+01   5.872011E+02
       2.949999   1.553068E+01   6.505476E+02
       2.959999   1.733084E+01   7.259524E+02
       2.969999   1.914249E+01   8.018387E+02
       2.979999   2.082668E+01   8.723860E+02
       2.989999   2.236944E+01   9.370090E+02
       2.999999   2.367964E+01   9.918904E+02
       3.009999   2.448229E+01   1.025512E+03
       3.019999   2.444456E+01   1.023932E+03
       3.029999   2.341186E+01   9.806737E+02
       3.039999   2.158429E+01   9.041208E+02
       3.049999   1.946813E+01   8.154793E+02
       3.059999   1.761182E+01   7.377221E+02
       3.069999   1.635722E+01   6.851698E+02
       3.079999   1.570108E+01   6.576852E+02
       3.089999   1.527787E+01   6.399580E+02
       3.099999   1.453935E+01   6.090227E+02
       3.109999   1.309056E+01   5.483359E+02
       3.119999   1.097219E+01   4.596020E+02
       3.129999   8.692597E+00   3.641146E+02
       3.139999   6.997562E+00   2.931132E+02
       3.149999   6.535106E+00   2.737419E+02
       3.159999   7.588359E+00   3.178605E+02
       3.169999   9.927481E+00   4.158414E+02
       3.179999   1.282059E+01   5.370275E+02
       3.189998   1.529414E+01   6.406393E+02
       3.199998   1.658849E+01   6.948571E+02
       3.209998   1.649853E+01   6.910890E+02
       3.219998   1.535596E+01   6.432288E+02
       3.229998   1.375858E+01   5.763181E+02
       3.239998   1.223079E+01   5.123220E+02
       3.249998   1.097449E+01   4.596983E+02
       3.259998   9.937976E+00   4.162809E+02
       3.269998   9.148942E+00   3.832300E+02
       3.279998   8.895635E+00   3.726195E+02
       3.289998   9.501298E+00   3.979894E+02
       3.299998   1.095635E+01   4.589385E+02
       3.309998   1.279066E+01   5.357738E+02
       3.319998   1.427500E+01   5.979496E+02
       3.329998   1.482121E+01   6.208296E+02
       3.339998   1.427806E+01   5.980781E+02
       3.349998   1.292770E+01   5.415143E+02
       3.359998   1.129865E+01   4.732768E+02
       3.369998   9.952991E+00   4.169099E+02
       3.379998   9.280532E+00   3.887420E+02
       3.389998   9.398364E+00   3.936778E+02
       3.399998   1.023107E+01   4.285579E+02
       3.409998   1.159842E+01   4.858336E+02
       3.419998   1.321554E+01   5.535712E+02
       3.429998   1.475143E+01   6.179063E+02
       3.439998   1.597785E+01   6.692785E+02
       3.449998   1.684578E+01   7.056343E+02
       3.459998   1.742722E+01   7.299898E+02
       3.469998   1.781620E+01   7.462832E+02
       3.479998   1.807922E+01   7.573004E+02
       3.489998   1.825642E+01   7.647232E+02
       3.499998   1.835715E+01   7.689423E+02
       3.509998   1.835211E+01   7.687313E+02
       3.519998   1.820546E+01   7.625886E+02
       3.529998   1.790688E+01   7.500817E+02
       3.539998   1.746111E+01   7.314093E+02
       3.549998   1.688763E+01   7.073874E+02
       3.559998   1.625435E+01   6.808605E+02
       3.569998   1.566663E+01   6.562421E+02
       3.579998   1.518891E+01   6.362316E+02
       3.589998   1.480909E+01   6.203215E+02
       3.599998   1.448993E+01   6.069528E+02
       3.609998   1.420991E+01   5.952233E+02
       3.619998   1.394270E+01   5.840305E+02
       3.629998   1.366800E+01   5.725240E+02
       3.639998   1.344551E+01   5.632042E+02
       3.649998   1.341909E+01   5.620975E+02
       3.659998   1.369667E+01   5.737249E+02
       3.669998   1.424359E+01   5.966342E+02
       3.679998   1.489943E+01   6.241058E+02
       3.689998   1.546232E+01   6.476842E+02
       3.699998   1.577544E+01   6.608000E+02
       3.709998   1.581162E+01   6.623157E+02
       3.719998   1.568716E+01   6.571021E+02
       3.729998   1.554986E+01   6.513509E+02
       3.739998   1.544127E+01   6.468024E+02
       3.749998   1.526432E+01   6.393903E+02
       3.759998   1.487969E+01   6.232789E+02
       3.769998   1.424733E+01   5.967907E+02
       3.779998   1.347834E+01   5.645793E+02
       3.789998   1.274818E+01   5.339943E+02
       3.799998   1.218276E+01   5.103104E+02
       3.809998   1.180635E+01   4.945433E+02
       3.819998   1.154174E+01   4.834593E+02
       3.829998   1.125677E+01   4.715225E+02
       3.839998   1.085399E+01   4.546507E+02
       3.849998   1.036102E+01   4.340015E+02
       3.859998   9.935290E+00   4.161684E+02
       3.869998   9.749243E+00   4.083753E+02
       3.879998   9.853002E+00   4.127216E+02
       3.889998   1.012425E+01   4.240836E+02
       3.899998   1.034545E+01   4.333490E+02
       3.909998   1.037063E+01   4.344040E+02
       3.919998   1.024980E+01   4.293424E+02
       3.929998   1.019373E+01   4.269940E+02
       3.939998   1.040633E+01   4.358993E+02
       3.949998   1.093955E+01   4.582347E+02
       3.959998   1.168033E+01   4.892647E+02
       3.969998   1.243348E+01   5.208125E+02
       3.979998   1.301466E+01   5.451570E+02
       3.989998   1.332169E+01   5.580177E+02
       3.999998   1.335951E+01   5.596019E+02
       4.009998   1.318342E+01   5.522259E+02
       4.019998   1.280605E+01   5.364187E+02
       4.029998   1.213909E+01   5.084812E+02
       4.039998   1.101541E+01   4.614124E+02
       4.049998   9.311392E+00   3.900347E+02
       4.059998   7.097054E+00   2.972807E+02
       4.069998   4.668447E+00   1.955515E+02
       4.079998   2.401100E+00   1.005770E+02
       4.089998   5.599721E-01   2.345606E+01
       4.099998  -7.462149E-01  -3.125738E+01
       4.109998  -1.469248E+00  -6.154371E+01
       4.119998  -1.595169E+00  -6.681829E+01
       4.129998  -1.263103E+00  -5.290873E+01
       4.139998  -8.073235E-01  -3.381709E+01
       4.149998  -5.937378E-01  -2.487043E+01
       4.159998  -8.123150E-01  -3.402617E+01
       4.169998  -1.408870E+00  -5.901461E+01
       4.179998  -2.159895E+00  -9.047347E+01
       4.189998  -2.818822E+00  -1.180746E+02
       4.199998  -3.259608E+00  -1.365381E+02
       4.209998  -3.518228E+00  -1.473712E+02
       4.219998  -3.728636E+00  -1.561847E+02
       4.229998  -4.036050E+00  -1.690617E+02
       4.239998  -4.498740E+00  -1.884428E+02
       4.249998  -5.018361E+00  -2.102086E+02
       4.259998  -5.443654E+00  -2.280233E+02
       4.269998  -5.757166E+00  -2.411556E+02
       4.279998  -6.053414E+00  -2.535648E+02
       4.289998  -6.347677E+00  -2.658909E+02
       4.299998  -6.488858E+00  -2.718047E+02
       4.309998  -6.222833E+00  -2.606614E+02
       4.319998  -5.253425E+00  -2.200550E+02
       4.329998  -3.325314E+00  -1.392904E+02
       4.339998  -4.459088E-01  -1.867818E+01
       4.349998   2.957054E+00   1.238648E+02
       4.359998   6.213308E+00   2.602624E+02
       4.369998   8.780445E+00   3.677944E+02
       4.379998   1.045836E+01   4.380786E+02
       4.389998   1.137369E+01   4.764200E+02
       4.399998   1.182698E+01   4.954075E+02
       4.409998   1.208942E+01   5.064005E+02
       4.419998   1.227302E+01   5.140909E+02
       4.429998   1.232748E+01   5.163723E+02
       4.439998   1.214739E+01   5.088287E+02
       4.449998   1.171496E+01   4.907151E+02
       4.459998   1.113922E+01   4.665987E+02
       4.469998   1.057618E+01   4.430138E+02
       4.479998   1.014269E+01   4.248560E+02
       4.489998   9.890305E+00   4.142841E+02
       4.499998   9.817489E+00   4.112340E+02
       4.509998   9.877481E+00   4.137469E+02
       4.519998   9.992093E+00   4.185478E+02
       4.529998   1.009763E+01   4.229686E+02
       4.539998   1.018642E+01   4.266878E+02
       4.549998   1.030477E+01   4.316453E+02
       4.559998   1.051537E+01   4.404667E+02
       4.569998   1.084237E+01   4.541643E+02
       4.579998   1.123235E+01   4.704997E+02
       4.589998   1.157814E+01   4.849841E+02
       4.599998   1.179435E+01   4.940405E+02
       4.609998   1.186385E+01   4.969519E+02
       4.619998   1.181773E+01   4.950200E+02
       4.629998   1.169240E+01   4.897699E+02
       4.639998   1.151107E+01   4.821745E+02
       4.649998   1.128649E+01   4.727675E+02
       4.659998   1.102154E+01   4.616692E+02
       4.669998   1.070193E+01   4.482813E+02
       4.679998   1.030093E+01   4.314842E+02
       4.689998   9.805955E+00   4.107509E+02
       4.699998   9.234560E+00   3.868163E+02
       4.709998   8.617968E+00   3.609886E+02
       4.719998   7.980063E+00   3.342681E+02
       4.729998   7.344284E+00   3.076366E+02
       4.739998   6.751111E+00   2.827899E+02
       4.749998   6.246449E+00   2.616506E+02
       4.759998   5.849925E+00   2.450411E+02
       4.769998   5.542212E+00   2.321516E+02
       4.779998   5.276162E+00   2.210073E+02
       4.789998   4.995831E+00   2.092649E+02
       4.799998   4.669346E+00   1.955891E+02
       4.809998   4.330647E+00   1.814017E+02
       4.819998   4.080312E+00   1.709157E+02
       4.829998   4.032039E+00   1.688937E+02
       4.839998   4.251237E+00   1.780754E+02
       4.849998   4.710019E+00   1.972928E+02
       4.859998   5.281649E+00   2.212372E+02
       4.869998   5.806418E+00   2.432187E+02
       4.879998   6.174122E+00   2.586210E+02
       4.889998   6.348930E+00   2.659434E+02
       4.899998   6.358051E+00   2.663254E+02
       4.909998   6.273734E+00   2.627936E+02
       4.919998   6.180585E+00   2.588917E+02
       4.929998   6.142989E+00   2.573169E+02
       4.939998   6.194148E+00   2.594599E+02
       4.949998   6.335614E+00   2.653856E+02
       4.959998   6.540926E+00   2.739857E+02
       4.969998   6.775527E+00   2.838126E+02
       4.979998   7.017541E+00   2.939501E+02
       4.989998   7.254310E+00   3.038678E+02
       4.999998   7.467879E+00   3.128138E+02
       5.009998   7.640174E+00   3.200308E+02
       5.019998   7.770535E+00   3.254914E+02
       5.029998   7.877741E+00   3.299820E+02
       5.039998   7.989168E+00   3.346495E+02
       5.049998   8.129414E+00   3.405241E+02
       5.059998   8.308587E+00   3.480293E+02
       5.069998   8.509722E+00   3.564544E+02
       5.079998   8.692309E+00   3.641026E+02
       5.089998   8.824897E+00   3.696564E+02
       5.099998   8.916708E+00   3.735022E+02
       5.109998   9.012639E+00   3.775205E+02
       5.119998   9.156706E+00   3.835552E+02
       5.129998   9.351381E+00   3.917097E+02
       5.139998   9.544121E+00   3.997832E+02
       5.149998   9.659710E+00   4.046250E+02
       5.159998   9.642082E+00   4.038866E+02
       5.169998   9.462900E+00   3.963810E+02
       5.179998   9.117466E+00   3.819115E+02
       5.189998   8.633595E+00   3.616432E+02
       5.199998   8.078138E+00   3.383762E+02
       5.209998   7.543656E+00   3.159879E+02
       5.219998   7.120268E+00   2.982531E+02
       5.229998   6.870903E+00   2.878077E+02
       5.239998   6.819383E+00   2.856497E+02
       5.249998   6.945786E+00   2.909444E+02
       5.259998   7.197144E+00   3.014733E+02
       5.269998   7.507803E+00   3.144861E+02
       5.279998   7.811129E+00   3.271918E+02
       5.289998   8.056690E+00   3.374778E+02
       5.299998   8.233292E+00   3.448753E+02
       5.309997   8.361538E+00   3.502473E+02
       5.319997   8.457776E+00   3.542785E+02
       5.329997   8.515861E+00   3.567116E+02
       5.339997   8.518424E+00   3.568189E+02
       5.349997   8.452601E+00   3.540617E+02
       5.359997   8.317800E+00   3.484152E+02
       5.369997   8.121450E+00   3.401905E+02
       5.379997   7.868714E+00   3.296039E+02
       5.389997   7.569917E+00   3.170879E+02
       5.399997   7.264239E+00   3.042837E+02
       5.409997   7.016506E+00   2.939067E+02
       5.419997   6.879564E+00   2.881705E+02
       5.429997   6.866423E+00   2.876201E+02
       5.439997   6.955087E+00   2.913340E+02
       5.449997   7.108489E+00   2.977597E+02
       5.459997   7.284378E+00   3.051273E+02
       5.469997   7.435723E+00   3.114669E+02
       5.479997   7.521669E+00   3.150669E+02
       5.489997   7.522017E+00   3.150815E+02
       5.499997   7.431315E+00   3.112822E+02
       5.509997   7.246423E+00   3.035374E+02
       5.519997   6.979433E+00   2.923538E+02
       5.529997   6.686106E+00   2.800669E+02
       5.539997   6.453648E+00   2.703298E+02
       5.549997   6.331780E+00   2.652250E+02
       5.559997   6.281221E+00   2.631072E+02
       5.569997   6.210710E+00   2.601536E+02
       5.579997   6.070722E+00   2.542898E+02
       5.589997   5.897069E+00   2.470159E+02
       5.599997   5.765701E+00   2.415131E+02
       5.609997   5.724069E+00   2.397692E+02
       5.619997   5.760294E+00   2.412866E+02
       5.629997   5.827247E+00   2.440912E+02
       5.639997   5.895446E+00   2.469479E+02
       5.649997   5.973465E+00   2.502159E+02
       5.659997   6.080006E+00   2.546787E+02
       5.669997   6.209981E+00   2.601231E+02
       5.679997   6.338026E+00   2.654866E+02
       5.689997   6.451471E+00   2.702386E+02
       5.699997   6.561862E+00   2.748626E+02
       5.709997   6.683427E+00   2.799547E+02
       5.719997   6.815113E+00   2.854708E+02
       5.729997   6.944857E+00   2.909055E+02
       5.739997   7.061808E+00   2.958043E+02
       5.749997   7.159306E+00   2.998883E+02
       5.759997   7.228212E+00   3.027746E+02
       5.769997   7.255857E+00   3.039326E+02
       5.779997   7.235570E+00   3.030829E+02
       5.789997   7.177586E+00   3.006540E+02
       5.799997   7.114262E+00   2.980015E+02
       5.809997   7.087253E+00   2.968702E+02
       5.819997   7.117172E+00   2.981234E+02
       5.829997   7.185649E+00   3.009918E+02
       5.839997   7.250450E+00   3.037062E+02
       5.849997   7.278797E+00   3.048935E+02
       5.859997   7.265230E+00   3.043252E+02
       5.869997   7.220456E+00   3.024498E+02
       5.879997   7.151516E+00   2.995620E+02
       5.889997   7.056459E+00   2.955803E+02
       5.899997   6.932636E+00   2.903936E+02
       5.909997   6.787764E+00   2.843252E+02
       5.919997   6.649388E+00   2.785289E+02
       5.929997   6.560114E+00   2.747894E+02
       5.939997   6.553546E+00   2.745143E+02
       5.949997   6.640396E+00   2.781523E+02
       5.959997   6.819822E+00   2.856680E+02
       5.969997   7.083192E+00   2.967001E+02
       5.979997   7.396115E+00   3.098077E+02
       5.989997   7.696224E+00   3.223787E+02
       5.999997   7.928168E+00   3.320943E+02
       6.009997   8.078286E+00   3.383824E+02
       6.019997   8.172683E+00   3.423366E+02
       6.029997   8.251132E+00   3.456226E+02
       6.039997   8.341818E+00   3.494213E+02
       6.049997   8.446915E+00   3.538235E+02
       6.059997   8.544314E+00   3.579034E+02
       6.069997   8.607379E+00   3.605450E+02
       6.079997   8.626196E+00   3.613333E+02
       6.089997   8.609212E+00   3.606218E+02
       6.099997   8.568511E+00   3.589169E+02
       6.109997   8.509150E+00   3.564304E+02
       6.119997   8.432496E+00   3.532196E+02
       6.129997   8.343829E+00   3.495055E+02
       6.139997   8.251818E+00   3.456513E+02
       6.149997   8.160891E+00   3.418426E+02
       6.159997   8.069340E+00   3.380077E+02
       6.169997   7.978318E+00   3.341950E+02
       6.179997   7.899223E+00   3.308819E+02
       6.189997   7.849468E+00   3.287977E+02
       6.199997   7.841149E+00   3.284493E+02
       6.209997   7.872829E+00   3.297763E+02
       6.219997   7.931077E+00   3.322162E+02
       6.229997   7.999169E+00   3.350684E+02
       6.239997   8.065120E+00   3.378310E+02
       6.249997   8.123538E+00   3.402779E+02
       6.259997   8.172745E+00   3.423391E+02
       6.269997   8.212333E+00   3.439974E+02
       6.279997   8.241723E+00   3.452285E+02
       6.289997   8.260013E+00   3.459946E+02
       6.299997   8.267747E+00   3.463186E+02
       6.309997   8.267202E+00   3.462957E+02
       6.319997   8.259238E+00   3.459621E+02
       6.329997   8.240895E+00   3.451938E+02
       6.339997   8.207809E+00   3.438079E+02
       6.349997   8.157990E+00   3.417211E+02
       6.359997   8.091602E+00   3.389402E+02
       6.369997   8.007844E+00   3.354318E+02
       6.379997   7.903932E+00   3.310791E+02
       6.389997   7.777943E+00   3.258017E+02
       6.399997   7.633702E+00   3.197598E+02
       6.409997   7.485132E+00   3.135365E+02
       6.419997   7.354159E+00   3.080503E+02
       6.429997   7.260386E+00   3.041223E+02
       6.439997   7.211883E+00   3.020907E+02
       6.449997   7.204271E+00   3.017718E+02
       6.459997   7.226516E+00   3.027036E+02
       6.469997   7.268649E+00   3.044684E+02
       6.479997   7.323668E+00   3.067731E+02
       6.489997   7.383062E+00   3.092610E+02
       6.499997   7.435692E+00   3.114656E+02
       6.509997   7.473085E+00   3.130318E+02
       6.519997   7.494023E+00   3.139089E+02
       6.529997   7.504675E+00   3.143551E+02
       6.539997   7.515043E+00   3.147894E+02
       6.549997   7.531830E+00   3.154925E+02
       6.559997   7.551152E+00   3.163019E+02
       6.569997   7.557742E+00   3.165780E+02
       6.579997   7.534819E+00   3.156178E+02
       6.589997   7.476863E+00   3.131901E+02
       6.599997   7.391607E+00   3.096189E+02
       6.609997   7.292383E+00   3.054626E+02
       6.619997   7.191630E+00   3.012423E+02
       6.629997   7.097918E+00   2.973169E+02
       6.639997   7.013664E+00   2.937877E+02
       6.649997   6.934986E+00   2.904920E+02
       6.659997   6.855460E+00   2.871608E+02
       6.669997   6.770977E+00   2.836220E+02
       6.679997   6.682535E+00   2.799174E+02
       6.689997   6.595752E+00   2.762822E+02
       6.699997   6.518381E+00   2.730413E+02
       6.709997   6.458452E+00   2.705310E+02
       6.719997   6.423352E+00   2.690608E+02
       6.729997   6.416715E+00   2.687827E+02
       6.739997   6.433721E+00   2.694951E+02
       6.749997   6.460750E+00   2.706273E+02
       6.759997   6.480223E+00   2.714429E+02
       6.769997   6.477257E+00   2.713187E+02
       6.779997   6.446028E+00   2.700106E+02
       6.789997   6.392081E+00   2.677508E+02
       6.799997   6.328125E+00   2.650719E+02
       6.809997   6.266649E+00   2.624968E+02
       6.819997   6.215584E+00   2.603578E+02
       6.829997   6.178689E+00   2.588123E+02
       6.839997   6.157330E+00   2.579176E+02
       6.849997   6.152358E+00   2.577094E+02
       6.859997   6.165633E+00   2.582654E+02
       6.869997   6.198687E+00   2.596500E+02
       6.879997   6.250673E+00   2.618276E+02
       6.889997   6.319817E+00   2.647239E+02
       6.899997   6.403600E+00   2.682334E+02
       6.909997   6.495357E+00   2.720769E+02
       6.919997   6.586545E+00   2.758966E+02
       6.929997   6.676802E+00   2.796772E+02
       6.939997   6.778382E+00   2.839322E+02
       6.949997   6.906466E+00   2.892974E+02
       6.959997   7.065127E+00   2.959434E+02
       6.969997   7.241516E+00   3.033319E+02
       6.979997   7.410822E+00   3.104238E+02
       6.989997   7.548997E+00   3.162116E+02
       6.999997   7.644526E+00   3.202131E+02
       7.009997   7.698760E+00   3.224849E+02
       7.019997   7.718341E+00   3.233051E+02
       7.029997   7.710685E+00   3.229844E+02
       7.039997   7.682189E+00   3.217908E+02
       7.049997   7.632079E+00   3.196918E+02
       7.059997   7.547219E+00   3.161372E+02
       7.069997   7.409767E+00   3.103796E+02
       7.079997   7.213535E+00   3.021599E+02
       7.089997   6.973265E+00   2.920954E+02
       7.099997   6.720169E+00   2.814938E+02
       7.109997   6.487961E+00   2.717671E+02
       7.119997   6.298899E+00   2.638477E+02
       7.129997   6.158311E+00   2.579587E+02
       7.139997   6.058363E+00   2.537721E+02
       7.149997   5.987445E+00   2.508015E+02
       7.159997   5.936765E+00   2.486786E+02
       7.169997   5.898550E+00   2.470779E+02
       7.179997   5.862615E+00   2.455726E+02
       7.189997   5.818950E+00   2.437436E+02
       7.199997   5.764463E+00   2.414613E+02
       7.209997   5.706700E+00   2.390417E+02
       7.219997   5.660203E+00   2.370940E+02
       7.229997   5.637609E+00   2.361476E+02
       7.239997   5.642711E+00   2.363613E+02
       7.249997   5.670383E+00   2.375205E+02
       7.259997   5.711221E+00   2.392311E+02
       7.269997   5.757497E+00   2.411695E+02
       7.279997   5.807025E+00   2.432441E+02
       7.289997   5.861025E+00   2.455060E+02
       7.299997   5.919678E+00   2.479629E+02
       7.309997   5.982471E+00   2.505931E+02
       7.319997   6.050080E+00   2.534252E+02
       7.329997   6.121598E+00   2.564209E+02
       7.339997   6.190079E+00   2.592894E+02
       7.349997   6.242033E+00   2.614657E+02
       7.359997   6.263174E+00   2.623512E+02
       7.369997   6.248221E+00   2.617249E+02
       7.379997   6.206463E+00   2.599757E+02
       7.389997   6.156799E+00   2.578954E+02
       7.399997   6.115920E+00   2.561831E+02
       7.409997   6.091102E+00   2.551435E+02
       7.419997   6.083014E+00   2.548047E+02
       7.429996   6.091089E+00   2.551429E+02
       7.439996   6.113942E+00   2.561002E+02
       7.449996   6.146009E+00   2.574434E+02
       7.459996   6.176081E+00   2.587031E+02
       7.469996   6.192144E+00   2.593759E+02
       7.479996   6.190325E+00   2.592997E+02
       7.489996   6.178926E+00   2.588223E+02
       7.499996   6.172507E+00   2.585534E+02
       7.509996   6.181897E+00   2.589467E+02
       7.519996   6.207391E+00   2.600146E+02
       7.529996   6.237355E+00   2.612697E+02
       7.539996   6.254171E+00   2.619741E+02
       7.549996   6.244490E+00   2.615686E+02
       7.559996   6.204300E+00   2.598851E+02
       7.569996   6.138114E+00   2.571127E+02
       7.579996   6.057931E+00   2.537540E+02
       7.589996   5.980296E+00   2.505020E+02
       7.599996   5.919091E+00   2.479383E+02
       7.609996   5.880532E+00   2.463231E+02
       7.619996   5.864306E+00   2.456435E+02
       7.629996   5.866486E+00   2.457348E+02
       7.639996   5.880943E+00   2.463403E+02
       7.649996   5.900486E+00   2.471590E+02
       7.659996   5.919260E+00   2.479454E+02
       7.669996   5.935254E+00   2.486153E+02
       7.679996   5.950023E+00   2.492340E+02
       7.689996   5.965387E+00   2.498776E+02
       7.699996   5.980930E+00   2.505286E+02
       7.709996   5.994395E+00   2.510926E+02
       7.719996   6.003107E+00   2.514575E+02
       7.729996   6.004927E+00   2.515338E+02
       7.739996   5.998806E+00   2.512774E+02
       7.749996   5.984757E+00   2.506889E+02
       7.759996   5.963324E+00   2.497911E+02
       7.769996   5.935133E+00   2.486102E+02
       7.779996   5.900456E+00   2.471577E+02
       7.789996   5.859294E+00   2.454335E+02
       7.799996   5.812488E+00   2.434729E+02
       7.809996   5.762317E+00   2.413714E+02
       7.819996   5.711773E+00   2.392542E+02
       7.829996   5.664738E+00   2.372840E+02
       7.839996   5.626949E+00   2.357011E+02
       7.849996   5.604214E+00   2.347488E+02
       7.859996   5.598210E+00   2.344973E+02
       7.869996   5.605402E+00   2.347985E+02
       7.879996   5.620828E+00   2.354447E+02
       7.889996   5.641334E+00   2.363037E+02
       7.899996   5.664319E+00   2.372664E+02
       7.909996   5.685333E+00   2.381467E+02
       7.919996   5.698963E+00   2.387176E+02
       7.929996   5.702331E+00   2.388587E+02
       7.939996   5.697588E+00   2.386600E+02
       7.949996   5.691282E+00   2.383959E+02
       7.959996   5.690867E+00   2.383785E+02
       7.969996   5.700096E+00   2.387651E+02
       7.979996   5.716818E+00   2.394655E+02
       7.989996   5.735591E+00   2.402519E+02
