 #calculated the component:  1  2  3
 #tolerance:    2.000000E-04
 #broadening:    3.675000E-03Ha
 #scissors shift:    0.000000E+00Ha
 #energy window:    8.462793E+01eV    3.110019E+00Ha
 # Energy      Tot-Re Chi(-2w,w,w)  Tot-Re Chi(-2w,w,w)
 # eV          *10^-7 esu        *10^-12 m/V SI units 
 # 
       0.010000  -5.705176E+02  -2.389778E+04
       0.020000  -4.487008E+02  -1.879514E+04
       0.030000  -2.920267E+02  -1.223239E+04
       0.040000  -1.003889E+02  -4.205081E+03
       0.050000   1.218542E+02   5.104216E+03
       0.060000   3.649068E+02   1.528518E+04
       0.070000   6.137802E+02   2.570997E+04
       0.080000   8.501300E+02   3.561016E+04
       0.090000   1.055375E+03   4.420743E+04
       0.100000   1.214130E+03   5.085736E+04
       0.110000   1.316867E+03   5.516081E+04
       0.120000   1.361146E+03   5.701553E+04
       0.130000   1.351356E+03   5.660548E+04
       0.140000   1.297282E+03   5.434042E+04
       0.150000   1.211876E+03   5.076294E+04
       0.160000   1.108765E+03   4.644385E+04
       0.170000   1.000051E+03   4.189002E+04
       0.180000   8.948975E+02   3.748538E+04
       0.190000   7.991024E+02   3.347273E+04
       0.200000   7.154564E+02   2.996897E+04
       0.210000   6.445281E+02   2.699793E+04
       0.220000   5.855095E+02   2.452576E+04
       0.230000   5.369089E+02   2.248999E+04
       0.240000   4.970255E+02   2.081935E+04
       0.250000   4.642234E+02   1.944535E+04
       0.260000   4.370641E+02   1.830770E+04
       0.270000   4.143475E+02   1.735615E+04
       0.280000   3.951064E+02   1.655018E+04
       0.290000   3.785780E+02   1.585784E+04
       0.300000   3.641694E+02   1.525429E+04
       0.310000   3.514236E+02   1.472040E+04
       0.320000   3.399902E+02   1.424148E+04
       0.330000   3.296012E+02   1.380630E+04
       0.340000   3.200515E+02   1.340628E+04
       0.350000   3.111841E+02   1.303485E+04
       0.360000   3.028787E+02   1.268695E+04
       0.370000   2.950429E+02   1.235873E+04
       0.380000   2.876060E+02   1.204721E+04
       0.390000   2.805140E+02   1.175014E+04
       0.400000   2.737267E+02   1.146584E+04
       0.410000   2.672148E+02   1.119307E+04
       0.420000   2.609588E+02   1.093102E+04
       0.430000   2.549484E+02   1.067925E+04
       0.440000   2.491820E+02   1.043771E+04
       0.450000   2.436674E+02   1.020671E+04
       0.460000   2.384220E+02   9.986998E+03
       0.470000   2.334745E+02   9.779756E+03
       0.480000   2.288645E+02   9.586652E+03
       0.490000   2.246426E+02   9.409807E+03
       0.500000   2.208678E+02   9.251687E+03
       0.510000   2.176010E+02   9.114851E+03
       0.520000   2.148951E+02   9.001507E+03
       0.530000   2.127787E+02   8.912853E+03
       0.540000   2.112380E+02   8.848317E+03
       0.550000   2.102016E+02   8.804905E+03
       0.560000   2.095359E+02   8.777021E+03
       0.570000   2.090580E+02   8.757001E+03
       0.580000   2.085655E+02   8.736369E+03
       0.590000   2.078737E+02   8.707394E+03
       0.600000   2.068468E+02   8.664377E+03
       0.610000   2.054112E+02   8.604244E+03
       0.620000   2.035530E+02   8.526407E+03
       0.630000   2.013025E+02   8.432140E+03
       0.640000   1.987167E+02   8.323827E+03
       0.650000   1.958634E+02   8.204305E+03
       0.660000   1.928105E+02   8.076425E+03
       0.670000   1.896206E+02   7.942809E+03
       0.680000   1.863489E+02   7.805766E+03
       0.690000   1.830435E+02   7.667307E+03
       0.700000   1.797468E+02   7.529214E+03
       0.710000   1.764981E+02   7.393134E+03
       0.720000   1.733359E+02   7.260679E+03
       0.730000   1.703003E+02   7.133522E+03
       0.740000   1.674341E+02   7.013465E+03
       0.750000   1.647843E+02   6.902470E+03
       0.760000   1.624005E+02   6.802616E+03
       0.770000   1.603318E+02   6.715962E+03
       0.780000   1.586205E+02   6.644282E+03
       0.790000   1.572934E+02   6.588690E+03
       0.800000   1.563515E+02   6.549238E+03
       0.810000   1.557638E+02   6.524620E+03
       0.820000   1.554663E+02   6.512159E+03
       0.830000   1.553705E+02   6.508146E+03
       0.840000   1.553777E+02   6.508446E+03
       0.850000   1.553947E+02   6.509157E+03
       0.860000   1.553459E+02   6.507112E+03
       0.870000   1.551800E+02   6.500166E+03
       0.880000   1.548736E+02   6.487332E+03
       0.890000   1.544313E+02   6.468801E+03
       0.900000   1.538833E+02   6.445849E+03
       0.910000   1.532796E+02   6.420562E+03
       0.920000   1.526787E+02   6.395391E+03
       0.930000   1.521347E+02   6.372604E+03
       0.940000   1.516844E+02   6.353742E+03
       0.950000   1.513383E+02   6.339245E+03
       0.960000   1.510786E+02   6.328367E+03
       0.970000   1.508655E+02   6.319440E+03
       0.980000   1.506491E+02   6.310375E+03
       0.990000   1.503821E+02   6.299191E+03
       1.000000   1.500266E+02   6.284299E+03
       1.010000   1.495519E+02   6.264416E+03
       1.020000   1.489254E+02   6.238174E+03
       1.030000   1.481011E+02   6.203643E+03
       1.040000   1.470138E+02   6.158101E+03
       1.050000   1.455858E+02   6.098284E+03
       1.060000   1.437447E+02   6.021165E+03
       1.069999   1.414513E+02   5.925098E+03
       1.079999   1.387265E+02   5.810960E+03
       1.089999   1.356685E+02   5.682869E+03
       1.099999   1.324510E+02   5.548094E+03
       1.109999   1.292968E+02   5.415972E+03
       1.119999   1.264327E+02   5.296001E+03
       1.129999   1.240391E+02   5.195736E+03
       1.139999   1.222144E+02   5.119306E+03
       1.149999   1.209669E+02   5.067048E+03
       1.159999   1.202306E+02   5.036210E+03
       1.169999   1.198954E+02   5.022165E+03
       1.179999   1.198346E+02   5.019620E+03
       1.189999   1.199271E+02   5.023493E+03
       1.199999   1.200693E+02   5.029451E+03
       1.209999   1.201825E+02   5.034193E+03
       1.219999   1.202148E+02   5.035545E+03
       1.229999   1.201409E+02   5.032449E+03
       1.239999   1.199593E+02   5.024842E+03
       1.249999   1.196877E+02   5.013467E+03
       1.259999   1.193578E+02   4.999649E+03
       1.269999   1.190096E+02   4.985062E+03
       1.279999   1.186864E+02   4.971524E+03
       1.289999   1.184312E+02   4.960834E+03
       1.299999   1.182828E+02   4.954618E+03
       1.309999   1.182727E+02   4.954194E+03
       1.319999   1.184215E+02   4.960430E+03
       1.329999   1.187369E+02   4.973640E+03
       1.339999   1.192117E+02   4.993529E+03
       1.349999   1.198250E+02   5.019216E+03
       1.359999   1.205438E+02   5.049328E+03
       1.369999   1.213275E+02   5.082156E+03
       1.379999   1.221314E+02   5.115829E+03
       1.389999   1.229104E+02   5.148460E+03
       1.399999   1.236218E+02   5.178258E+03
       1.409999   1.242274E+02   5.203625E+03
       1.419999   1.246969E+02   5.223293E+03
       1.429999   1.250121E+02   5.236494E+03
       1.439999   1.251699E+02   5.243104E+03
       1.449999   1.251843E+02   5.243709E+03
       1.459999   1.250846E+02   5.239532E+03
       1.469999   1.249107E+02   5.232246E+03
       1.479999   1.247072E+02   5.223724E+03
       1.489999   1.245171E+02   5.215762E+03
       1.499999   1.243753E+02   5.209820E+03
       1.509999   1.243029E+02   5.206789E+03
       1.519999   1.243037E+02   5.206821E+03
       1.529999   1.243613E+02   5.209234E+03
       1.539999   1.244394E+02   5.212506E+03
       1.549999   1.244835E+02   5.214354E+03
       1.559999   1.244245E+02   5.211880E+03
       1.569999   1.241840E+02   5.201805E+03
       1.579999   1.236821E+02   5.180783E+03
       1.589999   1.228469E+02   5.145800E+03
       1.599999   1.216257E+02   5.094644E+03
       1.609999   1.199965E+02   5.026400E+03
       1.619999   1.179794E+02   4.941910E+03
       1.629999   1.156427E+02   4.844030E+03
       1.639999   1.130991E+02   4.737485E+03
       1.649999   1.104897E+02   4.628181E+03
       1.659999   1.079569E+02   4.522088E+03
       1.669999   1.056167E+02   4.424064E+03
       1.679999   1.035398E+02   4.337064E+03
       1.689999   1.017479E+02   4.262007E+03
       1.699999   1.002260E+02   4.198258E+03
       1.709999   9.894144E+01   4.144449E+03
       1.719999   9.786359E+01   4.099301E+03
       1.729999   9.697646E+01   4.062140E+03
       1.739999   9.628116E+01   4.033016E+03
       1.749999   9.579015E+01   4.012448E+03
       1.759999   9.551755E+01   4.001030E+03
       1.769999   9.547049E+01   3.999058E+03
       1.779999   9.564411E+01   4.006331E+03
       1.789999   9.602071E+01   4.022106E+03
       1.799999   9.657166E+01   4.045184E+03
       1.809999   9.726012E+01   4.074023E+03
       1.819999   9.804279E+01   4.106807E+03
       1.829999   9.886959E+01   4.141440E+03
       1.839999   9.968214E+01   4.175476E+03
       1.849999   1.004131E+02   4.206095E+03
       1.859999   1.009890E+02   4.230218E+03
       1.869999   1.013372E+02   4.244801E+03
       1.879999   1.013963E+02   4.247278E+03
       1.889999   1.011285E+02   4.236061E+03
       1.899999   1.005303E+02   4.211003E+03
       1.909999   9.963930E+01   4.173681E+03
       1.919999   9.853415E+01   4.127389E+03
       1.929999   9.732509E+01   4.076744E+03
       1.939999   9.613616E+01   4.026942E+03
       1.949999   9.508252E+01   3.982807E+03
       1.959999   9.424865E+01   3.947878E+03
       1.969999   9.367250E+01   3.923745E+03
       1.979999   9.333828E+01   3.909745E+03
       1.989999   9.317773E+01   3.903020E+03
       1.999999   9.307805E+01   3.898844E+03
       2.009999   9.289447E+01   3.891154E+03
       2.019999   9.246544E+01   3.873183E+03
       2.029999   9.162988E+01   3.838183E+03
       2.039999   9.024672E+01   3.780246E+03
       2.049999   8.821778E+01   3.695258E+03
       2.059999   8.551366E+01   3.581988E+03
       2.069999   8.219785E+01   3.443095E+03
       2.079999   7.843961E+01   3.285671E+03
       2.089999   7.450447E+01   3.120836E+03
       2.099999   7.071788E+01   2.962224E+03
       2.109999   6.740991E+01   2.823660E+03
       2.119999   6.485855E+01   2.716789E+03
       2.129999   6.324943E+01   2.649386E+03
       2.139999   6.266002E+01   2.624697E+03
       2.149999   6.306576E+01   2.641692E+03
       2.159999   6.435943E+01   2.695881E+03
       2.169999   6.637493E+01   2.780307E+03
       2.179999   6.890975E+01   2.886485E+03
       2.189999   7.174401E+01   3.005206E+03
       2.199999   7.465703E+01   3.127226E+03
       2.209999   7.744298E+01   3.243924E+03
       2.219999   7.992627E+01   3.347944E+03
       2.229999   8.197535E+01   3.433776E+03
       2.239999   8.351222E+01   3.498152E+03
       2.249999   8.451454E+01   3.540137E+03
       2.259999   8.500875E+01   3.560838E+03
       2.269999   8.505471E+01   3.562764E+03
       2.279999   8.472607E+01   3.548997E+03
       2.289999   8.409211E+01   3.522442E+03
       2.299999   8.320647E+01   3.485344E+03
       2.309999   8.210443E+01   3.439182E+03
       2.319999   8.080730E+01   3.384848E+03
       2.329999   7.932993E+01   3.322964E+03
       2.339999   7.768793E+01   3.254184E+03
       2.349999   7.590290E+01   3.179413E+03
       2.359999   7.400545E+01   3.099933E+03
       2.369999   7.203657E+01   3.017461E+03
       2.379999   7.004788E+01   2.934159E+03
       2.389999   6.810033E+01   2.852580E+03
       2.399999   6.626083E+01   2.775527E+03
       2.409999   6.459675E+01   2.705822E+03
       2.419999   6.316984E+01   2.646052E+03
       2.429999   6.203171E+01   2.598378E+03
       2.439999   6.122212E+01   2.564466E+03
       2.449999   6.076890E+01   2.545482E+03
       2.459999   6.068718E+01   2.542059E+03
       2.469999   6.097599E+01   2.554156E+03
       2.479999   6.161253E+01   2.580820E+03
       2.489999   6.254671E+01   2.619950E+03
       2.499999   6.369894E+01   2.668215E+03
       2.509999   6.496384E+01   2.721199E+03
       2.519999   6.622052E+01   2.773839E+03
       2.529999   6.734832E+01   2.821080E+03
       2.539999   6.824366E+01   2.858584E+03
       2.549999   6.883270E+01   2.883258E+03
       2.559999   6.907573E+01   2.893437E+03
       2.569999   6.896337E+01   2.888731E+03
       2.579999   6.850831E+01   2.869669E+03
       2.589999   6.773692E+01   2.837357E+03
       2.599999   6.668339E+01   2.793227E+03
       2.609999   6.538675E+01   2.738914E+03
       2.619999   6.388965E+01   2.676204E+03
       2.629999   6.223769E+01   2.607006E+03
       2.639999   6.047772E+01   2.533285E+03
       2.649999   5.865456E+01   2.456916E+03
       2.659999   5.680679E+01   2.379517E+03
       2.669999   5.496440E+01   2.302343E+03
       2.679999   5.315047E+01   2.226362E+03
       2.689999   5.138765E+01   2.152521E+03
       2.699999   4.970664E+01   2.082107E+03
       2.709999   4.815212E+01   2.016991E+03
       2.719999   4.678156E+01   1.959581E+03
       2.729999   4.565501E+01   1.912393E+03
       2.739999   4.481898E+01   1.877373E+03
       2.749999   4.429140E+01   1.855274E+03
       2.759999   4.405484E+01   1.845365E+03
       2.769999   4.406127E+01   1.845634E+03
       2.779999   4.424608E+01   1.853376E+03
       2.789999   4.454589E+01   1.865934E+03
       2.799999   4.491464E+01   1.881380E+03
       2.809999   4.533416E+01   1.898953E+03
       2.819999   4.581614E+01   1.919142E+03
       2.829999   4.639347E+01   1.943325E+03
       2.839999   4.710106E+01   1.972964E+03
       2.849999   4.795137E+01   2.008582E+03
       2.859999   4.891471E+01   2.048935E+03
       2.869999   4.991398E+01   2.090792E+03
       2.879999   5.083741E+01   2.129472E+03
       2.889999   5.156465E+01   2.159935E+03
       2.899999   5.199529E+01   2.177974E+03
       2.909999   5.207024E+01   2.181113E+03
       2.919999   5.178084E+01   2.168991E+03
       2.929999   5.116627E+01   2.143248E+03
       2.939999   5.030181E+01   2.107037E+03
       2.949999   4.928120E+01   2.064286E+03
       2.959999   4.819687E+01   2.018866E+03
       2.969999   4.712335E+01   1.973898E+03
       2.979999   4.610895E+01   1.931407E+03
       2.989999   4.517731E+01   1.892383E+03
       2.999999   4.433548E+01   1.857120E+03
       3.009999   4.358211E+01   1.825563E+03
       3.019999   4.291047E+01   1.797429E+03
       3.029999   4.230611E+01   1.772114E+03
       3.039999   4.174395E+01   1.748566E+03
       3.049999   4.119132E+01   1.725418E+03
       3.059999   4.062019E+01   1.701495E+03
       3.069999   4.002417E+01   1.676528E+03
       3.079999   3.943133E+01   1.651696E+03
       3.089999   3.890494E+01   1.629646E+03
       3.099999   3.853095E+01   1.613981E+03
       3.109999   3.839711E+01   1.608375E+03
       3.119999   3.857044E+01   1.615635E+03
       3.129999   3.907808E+01   1.636899E+03
       3.139999   3.989695E+01   1.671199E+03
       3.149999   4.095685E+01   1.715597E+03
       3.159999   4.215806E+01   1.765913E+03
       3.169999   4.339634E+01   1.817782E+03
       3.179999   4.458452E+01   1.867552E+03
       3.189998   4.566280E+01   1.912719E+03
       3.199998   4.659767E+01   1.951879E+03
       3.209998   4.737404E+01   1.984399E+03
       3.219998   4.798643E+01   2.010051E+03
       3.229998   4.843217E+01   2.028722E+03
       3.239998   4.870773E+01   2.040265E+03
       3.249998   4.880821E+01   2.044474E+03
       3.259998   4.872997E+01   2.041196E+03
       3.269998   4.847588E+01   2.030553E+03
       3.279998   4.806181E+01   2.013208E+03
       3.289998   4.752139E+01   1.990571E+03
       3.299998   4.690658E+01   1.964818E+03
       3.309998   4.628260E+01   1.938681E+03
       3.319998   4.571802E+01   1.915032E+03
       3.329998   4.527260E+01   1.896374E+03
       3.339998   4.498633E+01   1.884383E+03
       3.349998   4.487319E+01   1.879644E+03
       3.359998   4.492112E+01   1.881651E+03
       3.369998   4.509720E+01   1.889027E+03
       3.379998   4.535529E+01   1.899838E+03
       3.389998   4.564374E+01   1.911920E+03
       3.399998   4.591240E+01   1.923174E+03
       3.409998   4.611892E+01   1.931825E+03
       3.419998   4.623430E+01   1.936658E+03
       3.429998   4.624642E+01   1.937165E+03
       3.439998   4.616020E+01   1.933554E+03
       3.449998   4.599386E+01   1.926586E+03
       3.459998   4.577236E+01   1.917308E+03
       3.469998   4.552023E+01   1.906747E+03
       3.479998   4.525625E+01   1.895690E+03
       3.489998   4.499083E+01   1.884571E+03
       3.499998   4.472628E+01   1.873490E+03
       3.509998   4.445897E+01   1.862293E+03
       3.519998   4.418232E+01   1.850705E+03
       3.529998   4.388974E+01   1.838449E+03
       3.539998   4.357699E+01   1.825349E+03
       3.549998   4.324336E+01   1.811374E+03
       3.559998   4.289148E+01   1.796634E+03
       3.569998   4.252573E+01   1.781313E+03
       3.579998   4.214971E+01   1.765563E+03
       3.589998   4.176420E+01   1.749415E+03
       3.599998   4.136673E+01   1.732766E+03
       3.609998   4.095356E+01   1.715459E+03
       3.619998   4.052314E+01   1.697429E+03
       3.629998   4.007943E+01   1.678843E+03
       3.639998   3.963329E+01   1.660155E+03
       3.649998   3.920147E+01   1.642067E+03
       3.659998   3.880427E+01   1.625429E+03
       3.669998   3.846321E+01   1.611143E+03
       3.679998   3.819974E+01   1.600107E+03
       3.689998   3.803419E+01   1.593172E+03
       3.699998   3.798422E+01   1.591079E+03
       3.709998   3.806232E+01   1.594351E+03
       3.719998   3.827321E+01   1.603184E+03
       3.729998   3.861226E+01   1.617387E+03
       3.739998   3.906509E+01   1.636355E+03
       3.749998   3.960775E+01   1.659085E+03
       3.759998   4.020741E+01   1.684204E+03
       3.769998   4.082379E+01   1.710023E+03
       3.779998   4.141225E+01   1.734672E+03
       3.789998   4.192888E+01   1.756313E+03
       3.799998   4.233661E+01   1.773392E+03
       3.809998   4.261044E+01   1.784862E+03
       3.819998   4.274031E+01   1.790302E+03
       3.829998   4.273052E+01   1.789892E+03
       3.839998   4.259609E+01   1.784261E+03
       3.849998   4.235687E+01   1.774241E+03
       3.859998   4.203092E+01   1.760587E+03
       3.869998   4.162870E+01   1.743739E+03
       3.879998   4.115007E+01   1.723690E+03
       3.889998   4.058480E+01   1.700012E+03
       3.899998   3.991649E+01   1.672018E+03
       3.909998   3.912900E+01   1.639032E+03
       3.919998   3.821353E+01   1.600684E+03
       3.929998   3.717431E+01   1.557154E+03
       3.939998   3.603067E+01   1.509249E+03
       3.949998   3.481388E+01   1.458280E+03
       3.959998   3.355971E+01   1.405746E+03
       3.969998   3.229975E+01   1.352969E+03
       3.979998   3.105597E+01   1.300869E+03
       3.989998   2.984086E+01   1.249971E+03
       3.999998   2.866224E+01   1.200601E+03
       4.009998   2.753008E+01   1.153177E+03
       4.019998   2.646260E+01   1.108463E+03
       4.029998   2.548912E+01   1.067686E+03
       4.039998   2.464730E+01   1.032424E+03
       4.049998   2.397444E+01   1.004239E+03
       4.059998   2.349587E+01   9.841927E+02
       4.069998   2.321682E+01   9.725039E+02
       4.079998   2.312298E+01   9.685732E+02
       4.089998   2.318946E+01   9.713579E+02
       4.099998   2.339207E+01   9.798446E+02
       4.109998   2.371358E+01   9.933119E+02
       4.119998   2.414202E+01   1.011259E+03
       4.129998   2.466402E+01   1.033124E+03
       4.139998   2.525919E+01   1.058054E+03
       4.149998   2.589945E+01   1.084874E+03
       4.159998   2.655299E+01   1.112249E+03
       4.169998   2.718925E+01   1.138901E+03
       4.179998   2.778184E+01   1.163723E+03
       4.189998   2.830859E+01   1.185787E+03
       4.199998   2.875099E+01   1.204318E+03
       4.209998   2.909540E+01   1.218745E+03
       4.219998   2.933599E+01   1.228823E+03
       4.229998   2.947710E+01   1.234734E+03
       4.239998   2.953292E+01   1.237072E+03
       4.249998   2.952396E+01   1.236697E+03
       4.259998   2.947183E+01   1.234513E+03
       4.269998   2.939433E+01   1.231267E+03
       4.279998   2.930207E+01   1.227402E+03
       4.289998   2.919726E+01   1.223012E+03
       4.299998   2.907414E+01   1.217855E+03
       4.309998   2.892076E+01   1.211430E+03
       4.319998   2.872170E+01   1.203092E+03
       4.329998   2.846187E+01   1.192208E+03
       4.339998   2.813117E+01   1.178356E+03
       4.349998   2.772943E+01   1.161528E+03
       4.359998   2.727014E+01   1.142289E+03
       4.369998   2.678113E+01   1.121805E+03
       4.379998   2.630032E+01   1.101665E+03
       4.389998   2.586651E+01   1.083494E+03
       4.399998   2.550815E+01   1.068483E+03
       4.409998   2.523556E+01   1.057065E+03
       4.419998   2.504084E+01   1.048908E+03
       4.429998   2.490572E+01   1.043248E+03
       4.439998   2.481310E+01   1.039369E+03
       4.449998   2.475600E+01   1.036977E+03
       4.459998   2.474022E+01   1.036316E+03
       4.469998   2.478036E+01   1.037997E+03
       4.479998   2.489188E+01   1.042669E+03
       4.489998   2.508268E+01   1.050661E+03
       4.499998   2.534751E+01   1.061754E+03
       4.509998   2.566726E+01   1.075148E+03
       4.519998   2.601332E+01   1.089643E+03
       4.529998   2.635513E+01   1.103961E+03
       4.539998   2.666782E+01   1.117059E+03
       4.549998   2.693717E+01   1.128342E+03
       4.559998   2.716076E+01   1.137707E+03
       4.569998   2.734588E+01   1.145461E+03
       4.579998   2.750566E+01   1.152154E+03
       4.589998   2.765516E+01   1.158417E+03
       4.599998   2.780849E+01   1.164839E+03
       4.609998   2.797723E+01   1.171907E+03
       4.619998   2.817023E+01   1.179992E+03
       4.629998   2.839414E+01   1.189371E+03
       4.639998   2.865403E+01   1.200257E+03
       4.649998   2.895343E+01   1.212798E+03
       4.659998   2.929346E+01   1.227042E+03
       4.669998   2.967101E+01   1.242856E+03
       4.679998   3.007673E+01   1.259851E+03
       4.689998   3.049408E+01   1.277333E+03
       4.699998   3.090015E+01   1.294342E+03
       4.709998   3.126839E+01   1.309767E+03
       4.719998   3.157238E+01   1.322501E+03
       4.729998   3.178956E+01   1.331598E+03
       4.739998   3.190408E+01   1.336395E+03
       4.749998   3.190837E+01   1.336575E+03
       4.759998   3.180366E+01   1.332189E+03
       4.769998   3.159937E+01   1.323631E+03
       4.779998   3.131188E+01   1.311589E+03
       4.789998   3.096297E+01   1.296974E+03
       4.799998   3.057796E+01   1.280846E+03
       4.809998   3.018365E+01   1.264330E+03
       4.819998   2.980563E+01   1.248495E+03
       4.829998   2.946494E+01   1.234225E+03
       4.839998   2.917489E+01   1.222075E+03
       4.849998   2.893917E+01   1.212201E+03
       4.859998   2.875268E+01   1.204390E+03
       4.869998   2.860499E+01   1.198203E+03
       4.879998   2.848500E+01   1.193177E+03
       4.889998   2.838484E+01   1.188982E+03
       4.899998   2.830164E+01   1.185496E+03
       4.909998   2.823660E+01   1.182772E+03
       4.919998   2.819231E+01   1.180917E+03
       4.929998   2.816942E+01   1.179958E+03
       4.939998   2.816433E+01   1.179745E+03
       4.949998   2.816883E+01   1.179933E+03
       4.959998   2.817198E+01   1.180065E+03
       4.969998   2.816355E+01   1.179712E+03
       4.979998   2.813768E+01   1.178628E+03
       4.989998   2.809529E+01   1.176853E+03
       4.999998   2.804414E+01   1.174710E+03
       5.009998   2.799620E+01   1.172702E+03
       5.019998   2.796343E+01   1.171330E+03
       5.029998   2.795350E+01   1.170914E+03
       5.039998   2.796686E+01   1.171473E+03
       5.049998   2.799595E+01   1.172692E+03
       5.059998   2.802665E+01   1.173977E+03
       5.069998   2.804123E+01   1.174588E+03
       5.079998   2.802221E+01   1.173792E+03
       5.089998   2.795591E+01   1.171014E+03
       5.099998   2.783505E+01   1.165952E+03
       5.109998   2.765999E+01   1.158619E+03
       5.119998   2.743847E+01   1.149340E+03
       5.129998   2.718403E+01   1.138682E+03
       5.139998   2.691363E+01   1.127356E+03
       5.149998   2.664496E+01   1.116101E+03
       5.159998   2.639441E+01   1.105606E+03
       5.169998   2.617638E+01   1.096473E+03
       5.179998   2.600368E+01   1.089239E+03
       5.189998   2.588800E+01   1.084394E+03
       5.199998   2.583911E+01   1.082346E+03
       5.209998   2.586225E+01   1.083315E+03
       5.219998   2.595483E+01   1.087193E+03
       5.229998   2.610460E+01   1.093467E+03
       5.239998   2.629096E+01   1.101273E+03
       5.249998   2.648928E+01   1.109581E+03
       5.259998   2.667619E+01   1.117410E+03
       5.269998   2.683370E+01   1.124008E+03
       5.279998   2.695108E+01   1.128924E+03
       5.289998   2.702465E+01   1.132006E+03
       5.299998   2.705649E+01   1.133340E+03
       5.309997   2.705266E+01   1.133179E+03
       5.319997   2.702152E+01   1.131875E+03
       5.329997   2.697220E+01   1.129809E+03
       5.339997   2.691340E+01   1.127346E+03
       5.349997   2.685234E+01   1.124788E+03
       5.359997   2.679400E+01   1.122345E+03
       5.369997   2.674056E+01   1.120106E+03
       5.379997   2.669116E+01   1.118037E+03
       5.389997   2.664211E+01   1.115982E+03
       5.399997   2.658749E+01   1.113694E+03
       5.409997   2.652024E+01   1.110877E+03
       5.419997   2.643337E+01   1.107238E+03
       5.429997   2.632117E+01   1.102539E+03
       5.439997   2.618003E+01   1.096627E+03
       5.449997   2.600894E+01   1.089460E+03
       5.459997   2.580970E+01   1.081114E+03
       5.469997   2.558690E+01   1.071781E+03
       5.479997   2.534749E+01   1.061753E+03
       5.489997   2.510006E+01   1.051389E+03
       5.499997   2.485366E+01   1.041068E+03
       5.509997   2.461655E+01   1.031136E+03
       5.519997   2.439520E+01   1.021864E+03
       5.529997   2.419404E+01   1.013437E+03
       5.539997   2.401605E+01   1.005982E+03
       5.549997   2.386392E+01   9.996096E+02
       5.559997   2.374107E+01   9.944637E+02
       5.569997   2.365200E+01   9.907328E+02
       5.579997   2.360168E+01   9.886247E+02
       5.589997   2.359402E+01   9.883039E+02
       5.599997   2.363006E+01   9.898136E+02
       5.609997   2.370654E+01   9.930170E+02
       5.619997   2.381564E+01   9.975873E+02
       5.629997   2.394623E+01   1.003058E+03
       5.639997   2.408589E+01   1.008908E+03
       5.649997   2.422303E+01   1.014652E+03
       5.659997   2.434826E+01   1.019898E+03
       5.669997   2.445494E+01   1.024366E+03
       5.679997   2.453898E+01   1.027886E+03
       5.689997   2.459855E+01   1.030382E+03
       5.699997   2.463373E+01   1.031855E+03
       5.709997   2.464604E+01   1.032371E+03
       5.719997   2.463796E+01   1.032033E+03
       5.729997   2.461222E+01   1.030954E+03
       5.739997   2.457115E+01   1.029234E+03
       5.749997   2.451638E+01   1.026940E+03
       5.759997   2.444900E+01   1.024117E+03
       5.769997   2.437011E+01   1.020813E+03
       5.779997   2.428154E+01   1.017103E+03
       5.789997   2.418640E+01   1.013118E+03
       5.799997   2.408923E+01   1.009047E+03
       5.809997   2.399553E+01   1.005123E+03
       5.819997   2.391090E+01   1.001577E+03
       5.829997   2.383990E+01   9.986033E+02
       5.839997   2.378523E+01   9.963135E+02
       5.849997   2.374737E+01   9.947277E+02
       5.859997   2.372475E+01   9.937800E+02
       5.869997   2.371433E+01   9.933435E+02
       5.879997   2.371247E+01   9.932656E+02
       5.889997   2.371574E+01   9.934027E+02
       5.899997   2.372157E+01   9.936466E+02
       5.909997   2.372846E+01   9.939356E+02
       5.919997   2.373592E+01   9.942480E+02
       5.929997   2.374394E+01   9.945837E+02
       5.939997   2.375248E+01   9.949416E+02
       5.949997   2.376107E+01   9.953015E+02
       5.959997   2.376857E+01   9.956154E+02
       5.969997   2.377327E+01   9.958126E+02
       5.979997   2.377332E+01   9.958144E+02
       5.989997   2.376708E+01   9.955533E+02
       5.999997   2.375355E+01   9.949863E+02
       6.009997   2.373241E+01   9.941007E+02
       6.019997   2.370404E+01   9.929127E+02
       6.029997   2.366949E+01   9.914652E+02
       6.039997   2.363041E+01   9.898284E+02
       6.049997   2.358922E+01   9.881028E+02
       6.059997   2.354911E+01   9.864227E+02
       6.069997   2.351406E+01   9.849547E+02
       6.079997   2.348858E+01   9.838873E+02
       6.089997   2.347716E+01   9.834090E+02
       6.099997   2.348356E+01   9.836772E+02
       6.109997   2.351003E+01   9.847860E+02
       6.119997   2.355671E+01   9.867413E+02
       6.129997   2.362145E+01   9.894528E+02
       6.139997   2.370005E+01   9.927455E+02
       6.149997   2.378703E+01   9.963889E+02
       6.159997   2.387647E+01   1.000135E+03
       6.169997   2.396288E+01   1.003755E+03
       6.179997   2.404183E+01   1.007062E+03
       6.189997   2.411023E+01   1.009927E+03
       6.199997   2.416634E+01   1.012277E+03
       6.209997   2.420960E+01   1.014089E+03
       6.219997   2.424043E+01   1.015381E+03
       6.229997   2.425988E+01   1.016196E+03
       6.239997   2.426943E+01   1.016595E+03
       6.249997   2.427064E+01   1.016646E+03
       6.259997   2.426496E+01   1.016408E+03
       6.269997   2.425354E+01   1.015930E+03
       6.279997   2.423715E+01   1.015243E+03
       6.289997   2.421620E+01   1.014366E+03
       6.299997   2.419081E+01   1.013302E+03
       6.309997   2.416086E+01   1.012048E+03
       6.319997   2.412612E+01   1.010593E+03
       6.329997   2.408632E+01   1.008926E+03
       6.339997   2.404122E+01   1.007036E+03
       6.349997   2.399073E+01   1.004922E+03
       6.359997   2.393501E+01   1.002587E+03
       6.369997   2.387447E+01   1.000052E+03
       6.379997   2.380973E+01   9.973395E+02
       6.389997   2.374142E+01   9.944785E+02
       6.399997   2.367011E+01   9.914914E+02
       6.409997   2.359621E+01   9.883956E+02
       6.419997   2.352007E+01   9.852065E+02
       6.429997   2.344224E+01   9.819463E+02
       6.439997   2.336358E+01   9.786514E+02
       6.449997   2.328538E+01   9.753757E+02
       6.459997   2.320918E+01   9.721837E+02
       6.469997   2.313641E+01   9.691357E+02
       6.479997   2.306802E+01   9.662708E+02
       6.489997   2.300411E+01   9.635938E+02
       6.499997   2.294396E+01   9.610745E+02
       6.509997   2.288634E+01   9.586606E+02
       6.519997   2.282995E+01   9.562988E+02
       6.529997   2.277400E+01   9.539552E+02
       6.539997   2.271838E+01   9.516251E+02
       6.549997   2.266356E+01   9.493288E+02
       6.559997   2.261029E+01   9.470977E+02
       6.569997   2.255926E+01   9.449599E+02
       6.579997   2.251083E+01   9.429315E+02
       6.589997   2.246503E+01   9.410130E+02
       6.599997   2.242152E+01   9.391904E+02
       6.609997   2.237965E+01   9.374366E+02
       6.619997   2.233855E+01   9.357152E+02
       6.629997   2.229719E+01   9.339824E+02
       6.639997   2.225435E+01   9.321880E+02
       6.649997   2.220871E+01   9.302761E+02
       6.659997   2.215888E+01   9.281892E+02
       6.669997   2.210367E+01   9.258762E+02
       6.679997   2.204219E+01   9.233009E+02
       6.689997   2.197404E+01   9.204464E+02
       6.699997   2.189928E+01   9.173149E+02
       6.709997   2.181831E+01   9.139234E+02
       6.719997   2.173182E+01   9.103005E+02
       6.729997   2.164079E+01   9.064871E+02
       6.739997   2.154655E+01   9.025397E+02
       6.749997   2.145093E+01   8.985344E+02
       6.759997   2.135620E+01   8.945663E+02
       6.769997   2.126489E+01   8.907418E+02
       6.779997   2.117947E+01   8.871635E+02
       6.789997   2.110188E+01   8.839135E+02
       6.799997   2.103333E+01   8.810419E+02
       6.809997   2.097416E+01   8.785637E+02
       6.819997   2.092406E+01   8.764651E+02
       6.829997   2.088222E+01   8.747123E+02
       6.839997   2.084753E+01   8.732594E+02
       6.849997   2.081867E+01   8.720506E+02
       6.859997   2.079406E+01   8.710197E+02
       6.869997   2.077190E+01   8.700914E+02
       6.879997   2.075028E+01   8.691857E+02
       6.889997   2.072741E+01   8.682278E+02
       6.899997   2.070189E+01   8.671588E+02
       6.909997   2.067288E+01   8.659437E+02
       6.919997   2.064015E+01   8.645725E+02
       6.929997   2.060395E+01   8.630561E+02
       6.939997   2.056483E+01   8.614177E+02
       6.949997   2.052349E+01   8.596859E+02
       6.959997   2.048062E+01   8.578902E+02
       6.969997   2.043693E+01   8.560600E+02
       6.979997   2.039311E+01   8.542246E+02
       6.989997   2.034988E+01   8.524140E+02
       6.999997   2.030799E+01   8.506590E+02
       7.009997   2.026822E+01   8.489931E+02
       7.019997   2.023150E+01   8.474550E+02
       7.029997   2.019893E+01   8.460908E+02
       7.039997   2.017179E+01   8.449541E+02
       7.049997   2.015140E+01   8.441000E+02
       7.059997   2.013888E+01   8.435753E+02
       7.069997   2.013473E+01   8.434018E+02
       7.079997   2.013846E+01   8.435579E+02
       7.089997   2.014806E+01   8.439602E+02
       7.099997   2.015986E+01   8.444542E+02
       7.109997   2.016874E+01   8.448264E+02
       7.119997   2.016919E+01   8.448451E+02
       7.129997   2.015679E+01   8.443255E+02
       7.139997   2.012977E+01   8.431940E+02
       7.149997   2.008981E+01   8.415199E+02
       7.159997   2.004147E+01   8.394952E+02
       7.169997   1.999080E+01   8.373729E+02
       7.179997   1.994354E+01   8.353931E+02
       7.189997   1.990377E+01   8.337272E+02
       7.199997   1.987345E+01   8.324571E+02
       7.209997   1.985272E+01   8.315889E+02
       7.219997   1.984073E+01   8.310866E+02
       7.229997   1.983641E+01   8.309055E+02
       7.239997   1.983896E+01   8.310126E+02
       7.249997   1.984804E+01   8.313926E+02
       7.259997   1.986359E+01   8.320441E+02
       7.269997   1.988578E+01   8.329734E+02
       7.279997   1.991485E+01   8.341911E+02
       7.289997   1.995105E+01   8.357076E+02
       7.299997   1.999446E+01   8.375260E+02
       7.309997   2.004471E+01   8.396310E+02
       7.319997   2.010070E+01   8.419760E+02
       7.329997   2.016031E+01   8.444732E+02
       7.339997   2.022043E+01   8.469914E+02
       7.349997   2.027700E+01   8.493609E+02
       7.359997   2.032532E+01   8.513851E+02
       7.369997   2.036046E+01   8.528568E+02
       7.379997   2.037772E+01   8.535799E+02
       7.389997   2.037333E+01   8.533960E+02
       7.399997   2.034509E+01   8.522131E+02
       7.409997   2.029298E+01   8.500302E+02
       7.419997   2.021943E+01   8.469497E+02
       7.429996   2.012916E+01   8.431683E+02
       7.439996   2.002835E+01   8.389456E+02
       7.449996   1.992351E+01   8.345541E+02
       7.459996   1.982020E+01   8.302268E+02
       7.469996   1.972216E+01   8.261200E+02
       7.479996   1.963105E+01   8.223035E+02
       7.489996   1.954682E+01   8.187752E+02
       7.499996   1.946836E+01   8.154889E+02
       7.509996   1.939416E+01   8.123806E+02
       7.519996   1.932267E+01   8.093861E+02
       7.529996   1.925257E+01   8.064499E+02
       7.539996   1.918285E+01   8.035292E+02
       7.549996   1.911289E+01   8.005988E+02
       7.559996   1.904266E+01   7.976570E+02
       7.569996   1.897279E+01   7.947305E+02
       7.579996   1.890463E+01   7.918751E+02
       7.589996   1.884000E+01   7.891681E+02
       7.599996   1.878095E+01   7.866946E+02
       7.609996   1.872927E+01   7.845300E+02
       7.619996   1.868620E+01   7.827256E+02
       7.629996   1.865213E+01   7.812984E+02
       7.639996   1.862660E+01   7.802292E+02
       7.649996   1.860837E+01   7.794658E+02
       7.659996   1.859563E+01   7.789318E+02
       7.669996   1.858623E+01   7.785381E+02
       7.679996   1.857806E+01   7.781958E+02
       7.689996   1.856926E+01   7.778275E+02
       7.699996   1.855848E+01   7.773759E+02
       7.709996   1.854491E+01   7.768076E+02
       7.719996   1.852832E+01   7.761126E+02
       7.729996   1.850895E+01   7.753010E+02
       7.739996   1.848737E+01   7.743971E+02
       7.749996   1.846436E+01   7.734332E+02
       7.759996   1.844073E+01   7.724433E+02
       7.769996   1.841719E+01   7.714575E+02
       7.779996   1.839430E+01   7.704988E+02
       7.789996   1.837243E+01   7.695824E+02
       7.799996   1.835180E+01   7.687183E+02
       7.809996   1.833261E+01   7.679145E+02
       7.819996   1.831510E+01   7.671812E+02
       7.829996   1.829959E+01   7.665316E+02
       7.839996   1.828646E+01   7.659813E+02
       7.849996   1.827605E+01   7.655453E+02
       7.859996   1.826864E+01   7.652349E+02
       7.869996   1.826435E+01   7.650554E+02
       7.879996   1.826311E+01   7.650033E+02
       7.889996   1.826455E+01   7.650637E+02
       7.899996   1.826797E+01   7.652071E+02
       7.909996   1.827231E+01   7.653886E+02
       7.919996   1.827613E+01   7.655488E+02
       7.929996   1.827788E+01   7.656221E+02
       7.939996   1.827608E+01   7.655465E+02
       7.949996   1.826962E+01   7.652760E+02
       7.959996   1.825801E+01   7.647897E+02
       7.969996   1.824143E+01   7.640951E+02
       7.979996   1.822068E+01   7.632259E+02
       7.989996   1.819699E+01   7.622337E+02
