 #calculated the component:  3  1  2
 #tolerance:    2.000000E-03
 #broadening:    3.674931E-03Ha
 #scissors shift:    0.000000E+00Ha
 #energy window:    1.336595E+02eV    4.911895E+00Ha
 # Energy      Tot-Im Chi(-2w,w,w)  Tot-Im Chi(-2w,w,w)
 # eV          *10^-7 esu        *10^-12 m/V SI units 
 # 
       0.050001  -3.726262E-02  -1.560853E+00
       0.100002  -1.175374E-02  -4.923396E-01
       0.150003   3.286011E-02   1.376441E+00
       0.200004   1.120909E-01   4.695251E+00
       0.250005   2.570389E-01   1.076682E+01
       0.300006   5.320450E-01   2.228625E+01
       0.350006   1.062675E+00   4.451323E+01
       0.400007   1.979744E+00   8.292731E+01
       0.450008   2.713297E+00   1.136543E+02
       0.500009   1.419746E+00   5.947018E+01
       0.550010  -1.552109E+00  -6.501457E+01
       0.600011  -4.203799E+00  -1.760883E+02
       0.650012  -3.678272E+00  -1.540751E+02
       0.700013  -5.316388E-01  -2.226923E+01
       0.750014   1.213050E+00   5.081213E+01
       0.800015  -9.565686E-01  -4.006865E+01
       0.850016  -4.986811E+00  -2.088871E+02
       0.900017  -6.826300E+00  -2.859394E+02
       0.950017  -5.435838E+00  -2.276958E+02
       1.000018  -2.771522E+00  -1.160933E+02
       1.050019  -1.495317E+00  -6.263568E+01
       1.100020  -3.330392E+00  -1.395031E+02
       1.150021  -6.262181E+00  -2.623096E+02
       1.200022  -7.337826E+00  -3.073661E+02
       1.250023  -7.228430E+00  -3.027838E+02
       1.300024  -7.526579E+00  -3.152726E+02
       1.350025  -8.333944E+00  -3.490914E+02
       1.400026  -9.561014E+00  -4.004908E+02
       1.450027  -1.093206E+01  -4.579209E+02
       1.500028  -1.129748E+01  -4.732277E+02
       1.550028  -1.049204E+01  -4.394895E+02
       1.600029  -9.319407E+00  -3.903704E+02
       1.650030  -7.992794E+00  -3.348014E+02
       1.700031  -6.816227E+00  -2.855175E+02
       1.750032  -6.082864E+00  -2.547984E+02
       1.800033  -5.503987E+00  -2.305505E+02
       1.850034  -4.939550E+00  -2.069074E+02
       1.900035  -4.190132E+00  -1.755158E+02
       1.950036  -3.063820E+00  -1.283370E+02
       2.000037  -2.123013E+00  -8.892856E+01
       2.050038  -1.307593E+00  -5.477232E+01
       2.100039  -3.773664E-01  -1.580709E+01
       2.150039  -4.335754E-02  -1.816156E+00
       2.200040  -3.294630E-01  -1.380052E+01
       2.250041  -1.420966E+00  -5.952127E+01
       2.300042  -2.517118E+00  -1.054368E+02
       2.350043  -3.030269E+00  -1.269316E+02
       2.400044  -2.708608E+00  -1.134579E+02
       2.450045  -1.859984E+00  -7.791082E+01
       2.500046  -9.713664E-01  -4.068850E+01
       2.550047  -3.734105E-01  -1.564138E+01
       2.600048  -2.279496E-01  -9.548331E+00
       2.650049  -2.132544E-01  -8.932779E+00
       2.700050   7.043175E-01   2.950238E+01
       2.750050   3.275686E+00   1.372116E+02
       2.800051   6.921647E+00   2.899333E+02
       2.850052   9.876713E+00   4.137148E+02
       2.900053   1.071315E+01   4.487514E+02
       2.950054   9.417741E+00   3.944894E+02
       3.000055   8.005469E+00   3.353323E+02
       3.050056   8.041707E+00   3.368502E+02
       3.100057   8.169696E+00   3.422114E+02
       3.150058   7.985197E+00   3.344831E+02
       3.200059   7.473263E+00   3.130393E+02
       3.250060   5.933412E+00   2.485382E+02
       3.300061   3.299360E+00   1.382033E+02
       3.350061   2.195434E-01   9.196215E+00
       3.400062  -2.777064E+00  -1.163254E+02
       3.450063  -4.512748E+00  -1.890296E+02
       3.500064  -4.619874E+00  -1.935168E+02
       3.550065  -3.904036E+00  -1.635319E+02
       3.600066  -3.290160E+00  -1.378179E+02
       3.650067  -2.523725E+00  -1.057135E+02
       3.700068  -1.933931E+00  -8.100833E+01
       3.750069  -1.904401E+00  -7.977137E+01
       3.800070  -2.384371E+00  -9.987628E+01
       3.850071  -2.487653E+00  -1.042026E+02
       3.900072  -1.474217E+00  -6.175186E+01
       3.950073   6.205827E-02   2.599491E+00
       4.000073   8.695539E-01   3.642379E+01
       4.050074   1.336965E+00   5.600266E+01
       4.100075   1.738389E+00   7.281746E+01
       4.150076   2.097572E+00   8.786287E+01
       4.200077   2.308231E+00   9.668696E+01
       4.250078   2.125324E+00   8.902538E+01
       4.300079   1.791265E+00   7.503232E+01
       4.350080   1.516277E+00   6.351365E+01
       4.400081   1.423910E+00   5.964459E+01
       4.450082   1.354662E+00   5.674395E+01
       4.500083   1.441600E+00   6.038562E+01
       4.550084   1.475927E+00   6.182350E+01
       4.600084   1.461889E+00   6.123545E+01
       4.650085   1.449300E+00   6.070813E+01
       4.700086   1.349392E+00   5.652320E+01
       4.750087   1.471309E+00   6.163003E+01
       4.800088   1.808449E+00   7.575213E+01
       4.850089   2.227294E+00   9.329667E+01
       4.900090   2.480650E+00   1.039092E+02
       4.950091   2.467354E+00   1.033523E+02
       5.000092   2.405858E+00   1.007763E+02
       5.050093   2.398029E+00   1.004484E+02
       5.100094   2.551235E+00   1.068659E+02
       5.150095   2.704253E+00   1.132755E+02
       5.200095   2.708845E+00   1.134679E+02
       5.250096   2.576466E+00   1.079227E+02
       5.300097   2.312675E+00   9.687309E+01
       5.350098   1.992419E+00   8.345824E+01
       5.400099   1.780621E+00   7.458646E+01
       5.450100   1.567630E+00   6.566472E+01
       5.500101   1.215241E+00   5.090390E+01
       5.550102   9.777051E-01   4.095401E+01
       5.600103   8.522270E-01   3.569800E+01
       5.650104   7.174570E-01   3.005277E+01
       5.700105   6.938162E-01   2.906250E+01
       5.750106   6.966403E-01   2.918080E+01
       5.800106   4.695417E-01   1.966812E+01
       5.850107  -1.194305E-01  -5.002694E+00
       5.900108  -8.550066E-01  -3.581443E+01
