 #calculated the component:  1  2  2
 #tolerance:    3.674931E-03
 #broadening:    2.939945E-03Ha
 #scissors shift:    0.000000E+00Ha
 #energy window:    4.775522E+01eV    1.754972E+00Ha
 # Energy      Tot-Re Chi(-2w,w,w)  Tot-Re Chi(-2w,w,w)
 # eV          *10^-7 esu        *10^-12 m/V SI units 
 # 
       0.050000   8.281208E-02   3.468824E+00
       0.100000   6.648936E-02   2.785100E+00
       0.150000   4.709651E-02   1.972774E+00
       0.200000   2.401469E-02   1.005925E+00
       0.250000  -3.527662E-03  -1.477664E-01
       0.300000  -3.650143E-02  -1.528968E+00
       0.350000  -7.614058E-02  -3.189369E+00
       0.400000  -1.240310E-01  -5.195398E+00
       0.450000  -1.822359E-01  -7.633479E+00
       0.500000  -2.534762E-01  -1.061759E+01
       0.550000  -3.413950E-01  -1.430032E+01
       0.600000  -4.509538E-01  -1.888951E+01
       0.650000  -5.890433E-01  -2.467379E+01
       0.700000  -7.654700E-01  -3.206393E+01
       0.750000  -9.946982E-01  -4.166582E+01
       0.800000  -1.299625E+00  -5.443859E+01
       0.850000  -1.723395E+00  -7.218938E+01
       0.900000  -2.379214E+00  -9.966028E+01
       0.950000  -3.545440E+00  -1.485110E+02
       1.000000  -4.730331E+00  -1.981437E+02
       1.050000  -2.804468E+00  -1.174733E+02
       1.099999   2.312282E+00   9.685665E+01
       1.149999   6.398807E+00   2.680326E+02
       1.199999   8.190014E+00   3.430625E+02
       1.249999   8.836220E+00   3.701307E+02
       1.299999   8.173094E+00   3.423538E+02
       1.349999   7.704664E+00   3.227322E+02
       1.399999   8.091091E+00   3.389188E+02
       1.449999   8.545939E+00   3.579715E+02
       1.499999   9.267445E+00   3.881938E+02
       1.549999   9.473767E+00   3.968362E+02
       1.599999   8.246642E+00   3.454345E+02
       1.649999   6.571833E+00   2.752803E+02
       1.699999   5.377099E+00   2.252354E+02
       1.749999   3.411571E+00   1.429035E+02
       1.799999   1.087180E+00   4.553971E+01
       1.849999   3.618129E-01   1.515558E+01
       1.899999   1.057945E+00   4.431511E+01
       1.949999   1.831682E+00   7.672533E+01
       1.999999   3.341765E+00   1.399795E+02
       2.049999   5.377930E+00   2.252702E+02
       2.099999   6.588226E+00   2.759670E+02
       2.149999   5.637478E+00   2.361421E+02
       2.199999   4.084132E+00   1.710757E+02
       2.249999   3.472535E+00   1.454572E+02
       2.299999   3.480352E+00   1.457846E+02
       2.349999   4.034006E+00   1.689761E+02
       2.399999   4.496865E+00   1.883642E+02
       2.449999   3.648314E+00   1.528202E+02
       2.499999  -3.553849E-01  -1.488633E+01
       2.549999  -4.800886E+00  -2.010990E+02
       2.599999  -7.997495E+00  -3.349983E+02
       2.649999  -1.046934E+01  -4.385388E+02
       2.699999  -1.280173E+01  -5.362376E+02
       2.749999  -1.476356E+01  -6.184147E+02
       2.799999  -1.595454E+01  -6.683021E+02
       2.849999  -1.509364E+01  -6.322409E+02
       2.899999  -1.223309E+01  -5.124187E+02
       2.949999  -9.425967E+00  -3.948340E+02
       2.999999  -7.340353E+00  -3.074720E+02
       3.049999  -6.022099E+00  -2.522531E+02
       3.099999  -5.347593E+00  -2.239994E+02
       3.149999  -5.013673E+00  -2.100123E+02
       3.199998  -4.318500E+00  -1.808929E+02
       3.249998  -3.853095E+00  -1.613981E+02
       3.299998  -4.163558E+00  -1.744027E+02
       3.349998  -4.423670E+00  -1.852983E+02
       3.399998  -4.899677E+00  -2.052372E+02
       3.449998  -5.654927E+00  -2.368730E+02
       3.499998  -6.182815E+00  -2.589851E+02
       3.549998  -6.505734E+00  -2.725116E+02
       3.599998  -6.310115E+00  -2.643175E+02
       3.649998  -6.071600E+00  -2.543266E+02
       3.699998  -6.057456E+00  -2.537341E+02
       3.749998  -5.689352E+00  -2.383150E+02
       3.799998  -4.827944E+00  -2.022324E+02
       3.849998  -3.749818E+00  -1.570720E+02
       3.899998  -2.714109E+00  -1.136883E+02
       3.949998  -1.660617E+00  -6.955978E+01
       3.999998  -1.035057E+00  -4.335635E+01
       4.049998  -1.059715E+00  -4.438926E+01
       4.099998  -1.393516E+00  -5.837145E+01
       4.149998  -1.770437E+00  -7.415990E+01
       4.199998  -1.588090E+00  -6.652176E+01
       4.249998  -7.230898E-01  -3.028872E+01
       4.299998   9.046695E-01   3.789471E+01
       4.349998   2.939955E+00   1.231485E+02
       4.399998   3.657569E+00   1.532079E+02
       4.449998   3.903102E+00   1.634927E+02
       4.499998   4.848212E+00   2.030814E+02
       4.549998   4.769869E+00   1.997998E+02
       4.599998   4.282744E+00   1.793952E+02
       4.649998   3.643802E+00   1.526312E+02
       4.699998   2.551146E+00   1.068621E+02
       4.749998   1.152507E+00   4.827609E+01
       4.799998   3.906656E-01   1.636416E+01
       4.849998   4.728867E-01   1.980823E+01
       4.899998   7.246709E-01   3.035494E+01
       4.949998   9.597869E-01   4.020346E+01
       4.999998   1.127708E+00   4.723732E+01
       5.049998   1.272771E+00   5.331373E+01
       5.099998   1.423448E+00   5.962525E+01
       5.149998   1.278668E+00   5.356073E+01
       5.199998   9.745174E-01   4.082049E+01
       5.249998   7.244252E-01   3.034465E+01
       5.299998   8.300455E-01   3.476886E+01
       5.349997   1.192136E+00   4.993606E+01
       5.399997   1.770525E+00   7.416358E+01
       5.449997   2.778138E+00   1.163704E+02
       5.499997   3.810491E+00   1.596135E+02
       5.549997   3.784799E+00   1.585373E+02
       5.599997   3.291870E+00   1.378895E+02
       5.649997   2.997663E+00   1.255658E+02
       5.699997   2.703380E+00   1.132389E+02
       5.749997   2.230771E+00   9.344230E+01
       5.799997   1.694655E+00   7.098554E+01
       5.849997   1.262141E+00   5.286842E+01
       5.899997   1.042534E+00   4.366956E+01
       5.949997   9.032757E-01   3.783632E+01
