 #calculated the component:  1  2  2
 #tolerance:    3.674931E-03
 #broadening:    3.674931E-04Ha
 #scissors shift:    0.000000E+00Ha
 #energy window:    4.775522E+01eV    1.754972E+00Ha
 # Energy      Tot-Im Chi(-2w,w,w)  Tot-Im Chi(-2w,w,w)
 # eV          *10^-7 esu        *10^-12 m/V SI units 
 # 
       0.050000  -3.113315E-03  -1.304103E-01
       0.100000  -3.702478E-03  -1.550891E-01
       0.150000  -4.410981E-03  -1.847667E-01
       0.200000  -5.268611E-03  -2.206910E-01
       0.250000  -6.314416E-03  -2.644977E-01
       0.300000  -7.600259E-03  -3.183589E-01
       0.350000  -9.196018E-03  -3.852019E-01
       0.400000  -1.119736E-02  -4.690340E-01
       0.450000  -1.373761E-02  -5.754398E-01
       0.500000  -1.700624E-02  -7.123559E-01
       0.550000  -2.127831E-02  -8.913037E-01
       0.600000  -2.696218E-02  -1.129389E+00
       0.650000  -3.467722E-02  -1.452556E+00
       0.700000  -4.537525E-02  -1.900674E+00
       0.750000  -6.048900E-02  -2.533757E+00
       0.800000  -8.180011E-02  -3.426435E+00
       0.850000  -1.081280E-01  -4.529253E+00
       0.900000  -9.074326E-02  -3.801045E+00
       0.950000   2.386148E+00   9.995075E+01
       1.000000   2.582608E+00   1.081800E+02
       1.050000  -3.062909E+01  -1.282988E+03
       1.099999  -2.825503E+01  -1.183544E+03
       1.149999  -1.999597E+01  -8.375894E+02
       1.199999  -1.888815E+00  -7.911851E+01
       1.249999  -7.039393E+00  -2.948654E+02
       1.299999   7.582112E+00   3.175988E+02
       1.349999  -1.517149E+00  -6.355018E+01
       1.399999  -6.734619E+00  -2.820991E+02
       1.449999  -8.914650E-02  -3.734160E+00
       1.499999  -9.106062E+00  -3.814338E+02
       1.549999   5.350650E+00   2.241275E+02
       1.599999   1.100872E+01   4.611324E+02
       1.649999   7.922825E+00   3.318705E+02
       1.699999   7.104520E+00   2.975934E+02
       1.749999   1.283883E+01   5.377916E+02
       1.799999   1.221226E+01   5.115459E+02
       1.849999  -2.822871E+00  -1.182441E+02
       1.899999   1.667493E+00   6.984778E+01
       1.949999  -3.101579E+00  -1.299186E+02
       1.999999  -2.716319E+00  -1.137809E+02
       2.049999   9.682197E-01   4.055669E+01
       2.099999  -4.319163E+00  -1.809207E+02
       2.149999   1.816119E+01   7.607341E+02
       2.199999   6.884361E+00   2.883714E+02
       2.249999   1.202356E+01   5.036417E+02
       2.299999   4.918794E+00   2.060379E+02
       2.349999   5.818646E+00   2.437309E+02
       2.399999   5.360460E+00   2.245384E+02
       2.449999   1.681224E+01   7.042293E+02
       2.499999   2.660628E+01   1.114481E+03
       2.549999   2.342700E+01   9.813077E+02
       2.599999   1.885580E+01   7.898301E+02
       2.649999   1.590633E+01   6.662828E+02
       2.699999   1.455817E+01   6.098111E+02
       2.749999   9.709518E+00   4.067114E+02
       2.799999   9.983441E+00   4.181854E+02
       2.849999  -4.324128E+00  -1.811286E+02
       2.899999  -9.153478E+00  -3.834200E+02
       2.949999  -1.176933E+01  -4.929924E+02
       2.999999  -3.284127E+00  -1.375652E+02
       3.049999  -6.320418E+00  -2.647490E+02
       3.099999  -1.498577E+00  -6.277223E+01
       3.149999  -9.352203E-01  -3.917442E+01
       3.199998  -4.446579E+00  -1.862579E+02
       3.249998  -3.180633E-01  -1.332300E+01
       3.299998   2.233891E+00   9.357301E+01
       3.349998  -3.560529E+00  -1.491431E+02
       3.399998   2.054070E+00   8.604067E+01
       3.449998   1.910008E+00   8.000622E+01
       3.499998   7.982708E-01   3.343789E+01
       3.549998  -9.003887E-01  -3.771539E+01
       3.599998  -4.339023E+00  -1.817526E+02
       3.649998  -2.329089E+00  -9.756063E+01
       3.699998  -3.331306E+00  -1.395414E+02
       3.749998  -5.423138E+00  -2.271639E+02
       3.799998  -8.107980E+00  -3.396263E+02
       3.849998  -7.666780E+00  -3.211453E+02
       3.899998  -6.703827E+00  -2.808092E+02
       3.949998  -9.135576E+00  -3.826701E+02
       3.999998  -4.416612E+00  -1.850026E+02
       4.049998  -4.428659E+00  -1.855073E+02
       4.099998  -2.882164E+00  -1.207278E+02
       4.149998  -4.127836E+00  -1.729064E+02
       4.199998  -1.003461E+01  -4.203286E+02
       4.249998  -7.028870E+00  -2.944246E+02
       4.299998  -1.166786E+01  -4.887420E+02
       4.349998  -1.393918E+01  -5.838831E+02
       4.399998  -1.435286E+00  -6.012110E+01
       4.449998  -1.159316E+01  -4.856131E+02
       4.499998  -3.698609E+00  -1.549270E+02
       4.549998   9.250354E-01   3.874779E+01
       4.599998  -4.888191E-01  -2.047561E+01
       4.649998   1.610823E+00   6.747399E+01
       4.699998   3.835053E+00   1.606423E+02
       4.749998   4.423667E+00   1.852981E+02
       4.799998  -6.155549E-01  -2.578430E+01
       4.849998  -1.448134E+00  -6.065929E+01
       4.899998  -1.384206E+00  -5.798150E+01
       4.949998  -3.501363E+00  -1.466647E+02
       4.999998  -4.993719E-01  -2.091764E+01
       5.049998  -2.653289E+00  -1.111407E+02
       5.099998  -1.207297E+00  -5.057114E+01
       5.149998  -1.250946E+00  -5.239949E+01
       5.199998  -8.541574E-01  -3.577886E+01
       5.249998  -8.136363E-01  -3.408152E+01
       5.299998  -2.676064E+00  -1.120947E+02
       5.349997  -1.853017E+00  -7.761897E+01
       5.399997  -2.989816E+00  -1.252371E+02
       5.449997  -5.582208E+00  -2.338270E+02
       5.499997  -2.603956E+00  -1.090742E+02
       5.549997   2.873804E+00   1.203776E+02
       5.599997   1.053766E+00   4.414006E+01
       5.649997   5.762532E-02   2.413804E+00
       5.699997   1.972033E+00   8.260434E+01
       5.749997   3.393359E+00   1.421407E+02
       5.799997   2.135136E+00   8.943636E+01
       5.849997   3.903424E+00   1.635062E+02
       5.899997   1.406168E+00   5.890141E+01
       5.949997   1.836855E+00   7.694200E+01
