 #calculated the component:  1  1  1
 #tolerance:    2.000000E-03
 #broadening:    3.674931E-03Ha
 #scissors shift:    0.000000E+00Ha
 #energy window:    5.391218E+01eV    1.981236E+00Ha
 # Energy      Tot-Re Chi(-2w,w,w)  Tot-Re Chi(-2w,w,w)
 # eV          *10^-7 esu        *10^-12 m/V SI units 
 # 
       0.050000  -4.194759E-01  -1.757096E+01
       0.100000  -4.396658E-01  -1.841668E+01
       0.150000  -4.613909E-01  -1.932669E+01
       0.200000  -4.847855E-01  -2.030665E+01
       0.250000  -5.099887E-01  -2.136235E+01
       0.300000  -5.371382E-01  -2.249959E+01
       0.350000  -5.663614E-01  -2.372369E+01
       0.400000  -5.977585E-01  -2.503885E+01
       0.450000  -6.313761E-01  -2.644702E+01
       0.500000  -6.671658E-01  -2.794617E+01
       0.550000  -7.049229E-01  -2.952774E+01
       0.600000  -7.442136E-01  -3.117355E+01
       0.650000  -7.843438E-01  -3.285452E+01
       0.700000  -8.246386E-01  -3.454238E+01
       0.750000  -8.661657E-01  -3.628186E+01
       0.800000  -9.196744E-01  -3.852323E+01
       0.850000  -1.038703E+00  -4.350909E+01
       0.900000  -1.423174E+00  -5.961377E+01
       0.950000  -2.421735E+00  -1.014414E+02
       1.000000  -3.873458E+00  -1.622510E+02
       1.050000  -5.121685E+00  -2.145366E+02
       1.099999  -4.665545E+00  -1.954299E+02
       1.149999  -2.610161E+00  -1.093342E+02
       1.199999  -1.986408E+00  -8.320645E+01
       1.249999  -2.728470E+00  -1.142899E+02
       1.299999  -3.817204E+00  -1.598946E+02
       1.349999  -4.360360E+00  -1.826463E+02
       1.399999  -3.137659E+00  -1.314299E+02
       1.449999  -1.112733E+00  -4.661004E+01
       1.499999   9.108729E-01   3.815456E+01
       1.549999   5.101102E+00   2.136745E+02
       1.599999   9.040894E+00   3.787041E+02
       1.649999   1.038092E+01   4.348351E+02
       1.699999   9.650409E+00   4.042354E+02
       1.749999   7.136234E+00   2.989219E+02
       1.799999   4.706098E+00   1.971286E+02
       1.849999   3.741785E+00   1.567355E+02
       1.899999   4.005839E+00   1.677962E+02
       1.949999   4.999378E+00   2.094135E+02
       1.999999   6.806185E+00   2.850968E+02
       2.049999   8.412411E+00   3.523782E+02
       2.099999   7.310622E+00   3.062266E+02
       2.149999   3.928834E+00   1.645706E+02
       2.199999   1.481568E+00   6.205976E+01
       2.249999  -6.978581E-01  -2.923181E+01
       2.299999  -2.847484E+00  -1.192751E+02
       2.349999  -3.995945E+00  -1.673818E+02
       2.399999  -3.867999E+00  -1.620224E+02
       2.449999  -2.413085E+00  -1.010791E+02
       2.499999  -2.923453E-01  -1.224573E+01
       2.549999   1.780237E+00   7.457040E+01
       2.599999   3.559414E+00   1.490964E+02
       2.649999   4.459037E+00   1.867797E+02
       2.699999   3.818623E+00   1.599541E+02
       2.749999   4.018398E+00   1.683223E+02
       2.799999   5.298376E+00   2.219379E+02
       2.849999   4.815013E+00   2.016908E+02
       2.899999   3.300773E+00   1.382624E+02
       2.949999   1.857851E+00   7.782150E+01
       2.999999   8.520279E-01   3.568966E+01
       3.049999   9.749755E-01   4.083968E+01
       3.099999   2.072224E+00   8.680110E+01
       3.149999   2.208785E+00   9.252139E+01
       3.199998   1.556072E+00   6.518059E+01
       3.249998   5.431368E-01   2.275086E+01
       3.299998  -7.578145E-02  -3.174326E+00
       3.349998  -9.502645E-02  -3.980459E+00
       3.399998  -4.855701E-01  -2.033951E+01
       3.449998  -1.288283E+00  -5.396349E+01
       3.499998  -2.219190E+00  -9.295721E+01
       3.549998  -2.902615E+00  -1.215845E+02
       3.599998  -2.809588E+00  -1.176877E+02
       3.649998  -2.829731E+00  -1.185315E+02
       3.699998  -3.594457E+00  -1.505643E+02
       3.749998  -4.365668E+00  -1.828687E+02
       3.799998  -4.498486E+00  -1.884321E+02
       3.849998  -4.028315E+00  -1.687377E+02
       3.899998  -3.641851E+00  -1.525495E+02
       3.949998  -3.495018E+00  -1.463990E+02
       3.999998  -3.018290E+00  -1.264298E+02
       4.049998  -2.656882E+00  -1.112912E+02
       4.099998  -2.270053E+00  -9.508776E+01
       4.149998  -1.761506E+00  -7.378579E+01
       4.199998  -1.421264E+00  -5.953375E+01
       4.249998  -1.449350E+00  -6.071024E+01
       4.299998  -1.840012E+00  -7.707425E+01
       4.349998  -1.892427E+00  -7.926980E+01
       4.399998  -1.601673E+00  -6.709071E+01
       4.449998  -1.405687E+00  -5.888126E+01
       4.499998  -1.755342E+00  -7.352758E+01
       4.549998  -2.217701E+00  -9.289486E+01
       4.599998  -2.481261E+00  -1.039348E+02
       4.649998  -2.505884E+00  -1.049662E+02
       4.699998  -2.179965E+00  -9.131418E+01
       4.749998  -1.597820E+00  -6.692933E+01
       4.799998  -1.059342E+00  -4.437361E+01
       4.849998  -1.151795E+00  -4.824628E+01
       4.899998  -1.145579E+00  -4.798588E+01
       4.949998  -7.784064E-01  -3.260581E+01
       4.999998  -2.052365E-01  -8.596928E+00
       5.049998   2.261660E-01   9.473619E+00
       5.099998   3.784830E-01   1.585386E+01
       5.149998   2.787421E-01   1.167592E+01
       5.199998  -1.357573E-01  -5.686590E+00
       5.249998  -5.627984E-01  -2.357444E+01
       5.299998  -6.032319E-01  -2.526812E+01
       5.349997  -3.789726E-01  -1.587437E+01
       5.399997  -1.847185E-01  -7.737471E+00
       5.449997   9.329401E-02   3.907890E+00
       5.499997   1.376397E-01   5.765439E+00
       5.549997  -1.279287E-01  -5.358665E+00
       5.599997  -8.469893E-03  -3.547861E-01
       5.649997   8.754095E-01   3.666907E+01
       5.699997   2.159154E+00   9.044244E+01
       5.749997   3.190497E+00   1.336432E+02
       5.799997   2.992389E+00   1.253449E+02
       5.849997   1.704879E+00   7.141382E+01
       5.899997   8.198114E-01   3.434018E+01
       5.949997   9.433012E-01   3.951291E+01
